{
 "cells": [
  {
   "cell_type": "markdown",
   "metadata": {},
   "source": [
    "# Advanced Aggregates\n",
    "\n",
    "Please remember to use the `EXPLAIN` before you execute a query to help avoid unnecessary load on the DBMS and indefinite waits by you for results.\n",
    "\n",
    "Therefore, for each question, we are providing a cell for the `EXPLAIN` as well as the final SQL.\n",
    "\n",
    "\n",
    "## Our practice schema:\n",
    "\n",
    "We will use the DVD Rental database.\n",
    "\n",
    "A PDF of the _Entity-Relationship Diagrams_ (ERD) is available [here](https://web.dsa.missouri.edu/static/PDF/DVD_Rental_ERD2.pdf).   \n",
    "Printing it out is recommended.\n",
    "\n",
    "\n",
    "**NOTE**: These queries are more complex that the others.\n",
    "If you get stuck on one, skip and come back to it later.\n",
    "\n",
    "**NOTE**: For this notebook, it is desired that you construct solutions using advanced aggregates and derived tables."
   ]
  },
  {
   "cell_type": "code",
   "execution_count": 1,
   "metadata": {},
   "outputs": [
    {
     "data": {
      "text/plain": [
       "'Connected: dsa_ro_user@dvdrental'"
      ]
     },
     "execution_count": 1,
     "metadata": {},
     "output_type": "execute_result"
    }
   ],
   "source": [
    "%load_ext sql\n",
    "%sql postgres://dsa_ro_user:readonly@pgsql.dsa.lan/dvdrental"
   ]
  },
  {
   "cell_type": "markdown",
   "metadata": {},
   "source": [
    "### 1\n",
    "### What is the average, variance, and standard deviation of the film length?\n"
   ]
  },
  {
   "cell_type": "code",
   "execution_count": 2,
   "metadata": {},
   "outputs": [
    {
     "name": "stdout",
     "output_type": "stream",
     "text": [
      " * postgres://dsa_ro_user:***@pgsql.dsa.lan/dvdrental\n",
      "2 rows affected.\n"
     ]
    },
    {
     "data": {
      "text/html": [
       "<table>\n",
       "    <tr>\n",
       "        <th>QUERY PLAN</th>\n",
       "    </tr>\n",
       "    <tr>\n",
       "        <td>Aggregate  (cost=71.51..71.52 rows=1 width=96)</td>\n",
       "    </tr>\n",
       "    <tr>\n",
       "        <td>&nbsp;&nbsp;-&gt;  Seq Scan on film  (cost=0.00..64.00 rows=1000 width=2)</td>\n",
       "    </tr>\n",
       "</table>"
      ],
      "text/plain": [
       "[('Aggregate  (cost=71.51..71.52 rows=1 width=96)',),\n",
       " ('  ->  Seq Scan on film  (cost=0.00..64.00 rows=1000 width=2)',)]"
      ]
     },
     "execution_count": 2,
     "metadata": {},
     "output_type": "execute_result"
    }
   ],
   "source": [
    "%%sql\n",
    "EXPLAIN\n",
    "SELECT  avg(length)\n",
    "        ,variance(length)\n",
    "        ,stddev(length)\n",
    "FROM    film;"
   ]
  },
  {
   "cell_type": "code",
   "execution_count": 3,
   "metadata": {},
   "outputs": [
    {
     "name": "stdout",
     "output_type": "stream",
     "text": [
      " * postgres://dsa_ro_user:***@pgsql.dsa.lan/dvdrental\n",
      "1 rows affected.\n"
     ]
    },
    {
     "data": {
      "text/html": [
       "<table>\n",
       "    <tr>\n",
       "        <th>avg</th>\n",
       "        <th>variance</th>\n",
       "        <th>stddev</th>\n",
       "    </tr>\n",
       "    <tr>\n",
       "        <td>115.2720000000000000</td>\n",
       "        <td>1634.2883043043043043</td>\n",
       "        <td>40.4263318185598470</td>\n",
       "    </tr>\n",
       "</table>"
      ],
      "text/plain": [
       "[(Decimal('115.2720000000000000'), Decimal('1634.2883043043043043'), Decimal('40.4263318185598470'))]"
      ]
     },
     "execution_count": 3,
     "metadata": {},
     "output_type": "execute_result"
    }
   ],
   "source": [
    "%%sql\n",
    "SELECT  avg(length)\n",
    "        ,variance(length)\n",
    "        ,stddev(length)\n",
    "FROM    film;"
   ]
  },
  {
   "cell_type": "markdown",
   "metadata": {},
   "source": [
    "### 2\n",
    "### What is the average, variance, and standard deviation of the film length; broken down by film category."
   ]
  },
  {
   "cell_type": "code",
   "execution_count": 4,
   "metadata": {},
   "outputs": [
    {
     "name": "stdout",
     "output_type": "stream",
     "text": [
      " * postgres://dsa_ro_user:***@pgsql.dsa.lan/dvdrental\n",
      "11 rows affected.\n"
     ]
    },
    {
     "data": {
      "text/html": [
       "<table>\n",
       "    <tr>\n",
       "        <th>QUERY PLAN</th>\n",
       "    </tr>\n",
       "    <tr>\n",
       "        <td>HashAggregate  (cost=109.81..110.09 rows=16 width=164)</td>\n",
       "    </tr>\n",
       "    <tr>\n",
       "        <td>&nbsp;&nbsp;Group Key: ca.name</td>\n",
       "    </tr>\n",
       "    <tr>\n",
       "        <td>&nbsp;&nbsp;-&gt;  Hash Join  (cost=77.86..99.81 rows=1000 width=70)</td>\n",
       "    </tr>\n",
       "    <tr>\n",
       "        <td>&nbsp;&nbsp;&nbsp;&nbsp;&nbsp;&nbsp;&nbsp;&nbsp;Hash Cond: (fc.category_id = ca.category_id)</td>\n",
       "    </tr>\n",
       "    <tr>\n",
       "        <td>&nbsp;&nbsp;&nbsp;&nbsp;&nbsp;&nbsp;&nbsp;&nbsp;-&gt;  Hash Join  (cost=76.50..95.14 rows=1000 width=4)</td>\n",
       "    </tr>\n",
       "    <tr>\n",
       "        <td>&nbsp;&nbsp;&nbsp;&nbsp;&nbsp;&nbsp;&nbsp;&nbsp;&nbsp;&nbsp;&nbsp;&nbsp;&nbsp;&nbsp;Hash Cond: (fc.film_id = f.film_id)</td>\n",
       "    </tr>\n",
       "    <tr>\n",
       "        <td>&nbsp;&nbsp;&nbsp;&nbsp;&nbsp;&nbsp;&nbsp;&nbsp;&nbsp;&nbsp;&nbsp;&nbsp;&nbsp;&nbsp;-&gt;  Seq Scan on film_category fc  (cost=0.00..16.00 rows=1000 width=4)</td>\n",
       "    </tr>\n",
       "    <tr>\n",
       "        <td>&nbsp;&nbsp;&nbsp;&nbsp;&nbsp;&nbsp;&nbsp;&nbsp;&nbsp;&nbsp;&nbsp;&nbsp;&nbsp;&nbsp;-&gt;  Hash  (cost=64.00..64.00 rows=1000 width=6)</td>\n",
       "    </tr>\n",
       "    <tr>\n",
       "        <td>&nbsp;&nbsp;&nbsp;&nbsp;&nbsp;&nbsp;&nbsp;&nbsp;&nbsp;&nbsp;&nbsp;&nbsp;&nbsp;&nbsp;&nbsp;&nbsp;&nbsp;&nbsp;&nbsp;&nbsp;-&gt;  Seq Scan on film f  (cost=0.00..64.00 rows=1000 width=6)</td>\n",
       "    </tr>\n",
       "    <tr>\n",
       "        <td>&nbsp;&nbsp;&nbsp;&nbsp;&nbsp;&nbsp;&nbsp;&nbsp;-&gt;  Hash  (cost=1.16..1.16 rows=16 width=72)</td>\n",
       "    </tr>\n",
       "    <tr>\n",
       "        <td>&nbsp;&nbsp;&nbsp;&nbsp;&nbsp;&nbsp;&nbsp;&nbsp;&nbsp;&nbsp;&nbsp;&nbsp;&nbsp;&nbsp;-&gt;  Seq Scan on category ca  (cost=0.00..1.16 rows=16 width=72)</td>\n",
       "    </tr>\n",
       "</table>"
      ],
      "text/plain": [
       "[('HashAggregate  (cost=109.81..110.09 rows=16 width=164)',),\n",
       " ('  Group Key: ca.name',),\n",
       " ('  ->  Hash Join  (cost=77.86..99.81 rows=1000 width=70)',),\n",
       " ('        Hash Cond: (fc.category_id = ca.category_id)',),\n",
       " ('        ->  Hash Join  (cost=76.50..95.14 rows=1000 width=4)',),\n",
       " ('              Hash Cond: (fc.film_id = f.film_id)',),\n",
       " ('              ->  Seq Scan on film_category fc  (cost=0.00..16.00 rows=1000 width=4)',),\n",
       " ('              ->  Hash  (cost=64.00..64.00 rows=1000 width=6)',),\n",
       " ('                    ->  Seq Scan on film f  (cost=0.00..64.00 rows=1000 width=6)',),\n",
       " ('        ->  Hash  (cost=1.16..1.16 rows=16 width=72)',),\n",
       " ('              ->  Seq Scan on category ca  (cost=0.00..1.16 rows=16 width=72)',)]"
      ]
     },
     "execution_count": 4,
     "metadata": {},
     "output_type": "execute_result"
    }
   ],
   "source": [
    "%%sql\n",
    "EXPLAIN\n",
    "SELECT  ca.name\n",
    "        ,avg(f.length)\n",
    "        ,variance(f.length)\n",
    "        ,stddev(f.length)\n",
    "FROM    film f JOIN film_category fc\n",
    "        USING(film_id)\n",
    "        JOIN category ca\n",
    "        USING(category_id)\n",
    "GROUP BY ca.name;"
   ]
  },
  {
   "cell_type": "code",
   "execution_count": 5,
   "metadata": {},
   "outputs": [
    {
     "name": "stdout",
     "output_type": "stream",
     "text": [
      " * postgres://dsa_ro_user:***@pgsql.dsa.lan/dvdrental\n",
      "16 rows affected.\n"
     ]
    },
    {
     "data": {
      "text/html": [
       "<table>\n",
       "    <tr>\n",
       "        <th>name</th>\n",
       "        <th>avg</th>\n",
       "        <th>variance</th>\n",
       "        <th>stddev</th>\n",
       "    </tr>\n",
       "    <tr>\n",
       "        <td>Family</td>\n",
       "        <td>114.7826086956521739</td>\n",
       "        <td>1523.2314578005115090</td>\n",
       "        <td>39.0285979481778401</td>\n",
       "    </tr>\n",
       "    <tr>\n",
       "        <td>Games</td>\n",
       "        <td>127.8360655737704918</td>\n",
       "        <td>1262.4726775956284153</td>\n",
       "        <td>35.5312915272668975</td>\n",
       "    </tr>\n",
       "    <tr>\n",
       "        <td>Animation</td>\n",
       "        <td>111.0151515151515152</td>\n",
       "        <td>1723.0920745920745921</td>\n",
       "        <td>41.5101442371870661</td>\n",
       "    </tr>\n",
       "    <tr>\n",
       "        <td>Classics</td>\n",
       "        <td>111.6666666666666667</td>\n",
       "        <td>1475.2261904761904762</td>\n",
       "        <td>38.4086733756347080</td>\n",
       "    </tr>\n",
       "    <tr>\n",
       "        <td>Documentary</td>\n",
       "        <td>108.7500000000000000</td>\n",
       "        <td>1814.6679104477611940</td>\n",
       "        <td>42.5989191229984284</td>\n",
       "    </tr>\n",
       "    <tr>\n",
       "        <td>New</td>\n",
       "        <td>111.1269841269841270</td>\n",
       "        <td>1514.7900665642601126</td>\n",
       "        <td>38.9203040399771301</td>\n",
       "    </tr>\n",
       "    <tr>\n",
       "        <td>Sports</td>\n",
       "        <td>128.2027027027027027</td>\n",
       "        <td>1796.4651980747871159</td>\n",
       "        <td>42.3847283591010775</td>\n",
       "    </tr>\n",
       "    <tr>\n",
       "        <td>Children</td>\n",
       "        <td>109.8000000000000000</td>\n",
       "        <td>1500.9084745762711864</td>\n",
       "        <td>38.7415600431406374</td>\n",
       "    </tr>\n",
       "    <tr>\n",
       "        <td>Music</td>\n",
       "        <td>113.6470588235294118</td>\n",
       "        <td>1787.3129411764705882</td>\n",
       "        <td>42.2766240513178936</td>\n",
       "    </tr>\n",
       "    <tr>\n",
       "        <td>Travel</td>\n",
       "        <td>113.3157894736842105</td>\n",
       "        <td>1540.1842105263157895</td>\n",
       "        <td>39.2451807299484326</td>\n",
       "    </tr>\n",
       "    <tr>\n",
       "        <td>Foreign</td>\n",
       "        <td>121.6986301369863014</td>\n",
       "        <td>1861.9079147640791476</td>\n",
       "        <td>43.1498309934590491</td>\n",
       "    </tr>\n",
       "    <tr>\n",
       "        <td>Drama</td>\n",
       "        <td>120.8387096774193548</td>\n",
       "        <td>1658.3997884717080910</td>\n",
       "        <td>40.7234550163871544</td>\n",
       "    </tr>\n",
       "    <tr>\n",
       "        <td>Horror</td>\n",
       "        <td>112.4821428571428571</td>\n",
       "        <td>1388.6905844155844156</td>\n",
       "        <td>37.2651389963271761</td>\n",
       "    </tr>\n",
       "    <tr>\n",
       "        <td>Action</td>\n",
       "        <td>111.6093750000000000</td>\n",
       "        <td>1848.3687996031746032</td>\n",
       "        <td>42.9926598340132313</td>\n",
       "    </tr>\n",
       "    <tr>\n",
       "        <td>Sci-Fi</td>\n",
       "        <td>108.1967213114754098</td>\n",
       "        <td>1315.6273224043715847</td>\n",
       "        <td>36.2715773354891693</td>\n",
       "    </tr>\n",
       "    <tr>\n",
       "        <td>Comedy</td>\n",
       "        <td>115.8275862068965517</td>\n",
       "        <td>1781.3381730187537810</td>\n",
       "        <td>42.2059021111829072</td>\n",
       "    </tr>\n",
       "</table>"
      ],
      "text/plain": [
       "[('Family', Decimal('114.7826086956521739'), Decimal('1523.2314578005115090'), Decimal('39.0285979481778401')),\n",
       " ('Games', Decimal('127.8360655737704918'), Decimal('1262.4726775956284153'), Decimal('35.5312915272668975')),\n",
       " ('Animation', Decimal('111.0151515151515152'), Decimal('1723.0920745920745921'), Decimal('41.5101442371870661')),\n",
       " ('Classics', Decimal('111.6666666666666667'), Decimal('1475.2261904761904762'), Decimal('38.4086733756347080')),\n",
       " ('Documentary', Decimal('108.7500000000000000'), Decimal('1814.6679104477611940'), Decimal('42.5989191229984284')),\n",
       " ('New', Decimal('111.1269841269841270'), Decimal('1514.7900665642601126'), Decimal('38.9203040399771301')),\n",
       " ('Sports', Decimal('128.2027027027027027'), Decimal('1796.4651980747871159'), Decimal('42.3847283591010775')),\n",
       " ('Children', Decimal('109.8000000000000000'), Decimal('1500.9084745762711864'), Decimal('38.7415600431406374')),\n",
       " ('Music', Decimal('113.6470588235294118'), Decimal('1787.3129411764705882'), Decimal('42.2766240513178936')),\n",
       " ('Travel', Decimal('113.3157894736842105'), Decimal('1540.1842105263157895'), Decimal('39.2451807299484326')),\n",
       " ('Foreign', Decimal('121.6986301369863014'), Decimal('1861.9079147640791476'), Decimal('43.1498309934590491')),\n",
       " ('Drama', Decimal('120.8387096774193548'), Decimal('1658.3997884717080910'), Decimal('40.7234550163871544')),\n",
       " ('Horror', Decimal('112.4821428571428571'), Decimal('1388.6905844155844156'), Decimal('37.2651389963271761')),\n",
       " ('Action', Decimal('111.6093750000000000'), Decimal('1848.3687996031746032'), Decimal('42.9926598340132313')),\n",
       " ('Sci-Fi', Decimal('108.1967213114754098'), Decimal('1315.6273224043715847'), Decimal('36.2715773354891693')),\n",
       " ('Comedy', Decimal('115.8275862068965517'), Decimal('1781.3381730187537810'), Decimal('42.2059021111829072'))]"
      ]
     },
     "execution_count": 5,
     "metadata": {},
     "output_type": "execute_result"
    }
   ],
   "source": [
    "%%sql\n",
    "SELECT  ca.name\n",
    "        ,avg(f.length)\n",
    "        ,variance(f.length)\n",
    "        ,stddev(f.length)\n",
    "FROM    film f JOIN film_category fc\n",
    "        USING(film_id)\n",
    "        JOIN category ca\n",
    "        USING(category_id)\n",
    "GROUP BY ca.name;"
   ]
  },
  {
   "cell_type": "markdown",
   "metadata": {},
   "source": [
    "[Helpful Hints Video](https://youtu.be/jy9H2KLI4Iw) "
   ]
  },
  {
   "cell_type": "markdown",
   "metadata": {},
   "source": [
    "### 3\n",
    "### A movie's \"cumulative rented duration\" is the sum of all rentals from rental table.  What is the average _cumulative rented duration_ per store (inventory.store_id)."
   ]
  },
  {
   "cell_type": "code",
   "execution_count": 15,
   "metadata": {},
   "outputs": [
    {
     "name": "stdout",
     "output_type": "stream",
     "text": [
      " * postgres://dsa_ro_user:***@pgsql.dsa.lan/dvdrental\n",
      "19 rows affected.\n"
     ]
    },
    {
     "data": {
      "text/html": [
       "<table>\n",
       "    <tr>\n",
       "        <th>QUERY PLAN</th>\n",
       "    </tr>\n",
       "    <tr>\n",
       "        <td>HashAggregate  (cost=1233.79..1233.82 rows=2 width=20)</td>\n",
       "    </tr>\n",
       "    <tr>\n",
       "        <td>&nbsp;&nbsp;Group Key: s.store_id</td>\n",
       "    </tr>\n",
       "    <tr>\n",
       "        <td>&nbsp;&nbsp;-&gt;  Hash Join  (cost=580.37..1153.57 rows=16044 width=20)</td>\n",
       "    </tr>\n",
       "    <tr>\n",
       "        <td>&nbsp;&nbsp;&nbsp;&nbsp;&nbsp;&nbsp;&nbsp;&nbsp;Hash Cond: (r.inventory_id = cumulative_rentals.inventory_id)</td>\n",
       "    </tr>\n",
       "    <tr>\n",
       "        <td>&nbsp;&nbsp;&nbsp;&nbsp;&nbsp;&nbsp;&nbsp;&nbsp;-&gt;  Hash Join  (cost=2.12..533.17 rows=16044 width=8)</td>\n",
       "    </tr>\n",
       "    <tr>\n",
       "        <td>&nbsp;&nbsp;&nbsp;&nbsp;&nbsp;&nbsp;&nbsp;&nbsp;&nbsp;&nbsp;&nbsp;&nbsp;&nbsp;&nbsp;Hash Cond: (r.staff_id = st.staff_id)</td>\n",
       "    </tr>\n",
       "    <tr>\n",
       "        <td>&nbsp;&nbsp;&nbsp;&nbsp;&nbsp;&nbsp;&nbsp;&nbsp;&nbsp;&nbsp;&nbsp;&nbsp;&nbsp;&nbsp;-&gt;  Seq Scan on rental r  (cost=0.00..310.44 rows=16044 width=6)</td>\n",
       "    </tr>\n",
       "    <tr>\n",
       "        <td>&nbsp;&nbsp;&nbsp;&nbsp;&nbsp;&nbsp;&nbsp;&nbsp;&nbsp;&nbsp;&nbsp;&nbsp;&nbsp;&nbsp;-&gt;  Hash  (cost=2.09..2.09 rows=2 width=8)</td>\n",
       "    </tr>\n",
       "    <tr>\n",
       "        <td>&nbsp;&nbsp;&nbsp;&nbsp;&nbsp;&nbsp;&nbsp;&nbsp;&nbsp;&nbsp;&nbsp;&nbsp;&nbsp;&nbsp;&nbsp;&nbsp;&nbsp;&nbsp;&nbsp;&nbsp;-&gt;  Nested Loop  (cost=0.00..2.09 rows=2 width=8)</td>\n",
       "    </tr>\n",
       "    <tr>\n",
       "        <td>&nbsp;&nbsp;&nbsp;&nbsp;&nbsp;&nbsp;&nbsp;&nbsp;&nbsp;&nbsp;&nbsp;&nbsp;&nbsp;&nbsp;&nbsp;&nbsp;&nbsp;&nbsp;&nbsp;&nbsp;&nbsp;&nbsp;&nbsp;&nbsp;&nbsp;&nbsp;Join Filter: (s.store_id = st.store_id)</td>\n",
       "    </tr>\n",
       "    <tr>\n",
       "        <td>&nbsp;&nbsp;&nbsp;&nbsp;&nbsp;&nbsp;&nbsp;&nbsp;&nbsp;&nbsp;&nbsp;&nbsp;&nbsp;&nbsp;&nbsp;&nbsp;&nbsp;&nbsp;&nbsp;&nbsp;&nbsp;&nbsp;&nbsp;&nbsp;&nbsp;&nbsp;-&gt;  Seq Scan on staff st  (cost=0.00..1.02 rows=2 width=6)</td>\n",
       "    </tr>\n",
       "    <tr>\n",
       "        <td>&nbsp;&nbsp;&nbsp;&nbsp;&nbsp;&nbsp;&nbsp;&nbsp;&nbsp;&nbsp;&nbsp;&nbsp;&nbsp;&nbsp;&nbsp;&nbsp;&nbsp;&nbsp;&nbsp;&nbsp;&nbsp;&nbsp;&nbsp;&nbsp;&nbsp;&nbsp;-&gt;  Materialize  (cost=0.00..1.03 rows=2 width=4)</td>\n",
       "    </tr>\n",
       "    <tr>\n",
       "        <td>&nbsp;&nbsp;&nbsp;&nbsp;&nbsp;&nbsp;&nbsp;&nbsp;&nbsp;&nbsp;&nbsp;&nbsp;&nbsp;&nbsp;&nbsp;&nbsp;&nbsp;&nbsp;&nbsp;&nbsp;&nbsp;&nbsp;&nbsp;&nbsp;&nbsp;&nbsp;&nbsp;&nbsp;&nbsp;&nbsp;&nbsp;&nbsp;-&gt;  Seq Scan on store s  (cost=0.00..1.02 rows=2 width=4)</td>\n",
       "    </tr>\n",
       "    <tr>\n",
       "        <td>&nbsp;&nbsp;&nbsp;&nbsp;&nbsp;&nbsp;&nbsp;&nbsp;-&gt;  Hash  (cost=521.00..521.00 rows=4580 width=20)</td>\n",
       "    </tr>\n",
       "    <tr>\n",
       "        <td>&nbsp;&nbsp;&nbsp;&nbsp;&nbsp;&nbsp;&nbsp;&nbsp;&nbsp;&nbsp;&nbsp;&nbsp;&nbsp;&nbsp;-&gt;  Subquery Scan on cumulative_rentals  (cost=429.40..521.00 rows=4580 width=20)</td>\n",
       "    </tr>\n",
       "    <tr>\n",
       "        <td>&nbsp;&nbsp;&nbsp;&nbsp;&nbsp;&nbsp;&nbsp;&nbsp;&nbsp;&nbsp;&nbsp;&nbsp;&nbsp;&nbsp;&nbsp;&nbsp;&nbsp;&nbsp;&nbsp;&nbsp;-&gt;  HashAggregate  (cost=429.40..475.20 rows=4580 width=20)</td>\n",
       "    </tr>\n",
       "    <tr>\n",
       "        <td>&nbsp;&nbsp;&nbsp;&nbsp;&nbsp;&nbsp;&nbsp;&nbsp;&nbsp;&nbsp;&nbsp;&nbsp;&nbsp;&nbsp;&nbsp;&nbsp;&nbsp;&nbsp;&nbsp;&nbsp;&nbsp;&nbsp;&nbsp;&nbsp;&nbsp;&nbsp;Group Key: r_1.inventory_id</td>\n",
       "    </tr>\n",
       "    <tr>\n",
       "        <td>&nbsp;&nbsp;&nbsp;&nbsp;&nbsp;&nbsp;&nbsp;&nbsp;&nbsp;&nbsp;&nbsp;&nbsp;&nbsp;&nbsp;&nbsp;&nbsp;&nbsp;&nbsp;&nbsp;&nbsp;&nbsp;&nbsp;&nbsp;&nbsp;&nbsp;&nbsp;-&gt;  Seq Scan on rental r_1  (cost=0.00..310.44 rows=15861 width=20)</td>\n",
       "    </tr>\n",
       "    <tr>\n",
       "        <td>&nbsp;&nbsp;&nbsp;&nbsp;&nbsp;&nbsp;&nbsp;&nbsp;&nbsp;&nbsp;&nbsp;&nbsp;&nbsp;&nbsp;&nbsp;&nbsp;&nbsp;&nbsp;&nbsp;&nbsp;&nbsp;&nbsp;&nbsp;&nbsp;&nbsp;&nbsp;&nbsp;&nbsp;&nbsp;&nbsp;&nbsp;&nbsp;Filter: (return_date IS NOT NULL)</td>\n",
       "    </tr>\n",
       "</table>"
      ],
      "text/plain": [
       "[('HashAggregate  (cost=1233.79..1233.82 rows=2 width=20)',),\n",
       " ('  Group Key: s.store_id',),\n",
       " ('  ->  Hash Join  (cost=580.37..1153.57 rows=16044 width=20)',),\n",
       " ('        Hash Cond: (r.inventory_id = cumulative_rentals.inventory_id)',),\n",
       " ('        ->  Hash Join  (cost=2.12..533.17 rows=16044 width=8)',),\n",
       " ('              Hash Cond: (r.staff_id = st.staff_id)',),\n",
       " ('              ->  Seq Scan on rental r  (cost=0.00..310.44 rows=16044 width=6)',),\n",
       " ('              ->  Hash  (cost=2.09..2.09 rows=2 width=8)',),\n",
       " ('                    ->  Nested Loop  (cost=0.00..2.09 rows=2 width=8)',),\n",
       " ('                          Join Filter: (s.store_id = st.store_id)',),\n",
       " ('                          ->  Seq Scan on staff st  (cost=0.00..1.02 rows=2 width=6)',),\n",
       " ('                          ->  Materialize  (cost=0.00..1.03 rows=2 width=4)',),\n",
       " ('                                ->  Seq Scan on store s  (cost=0.00..1.02 rows=2 width=4)',),\n",
       " ('        ->  Hash  (cost=521.00..521.00 rows=4580 width=20)',),\n",
       " ('              ->  Subquery Scan on cumulative_rentals  (cost=429.40..521.00 rows=4580 width=20)',),\n",
       " ('                    ->  HashAggregate  (cost=429.40..475.20 rows=4580 width=20)',),\n",
       " ('                          Group Key: r_1.inventory_id',),\n",
       " ('                          ->  Seq Scan on rental r_1  (cost=0.00..310.44 rows=15861 width=20)',),\n",
       " ('                                Filter: (return_date IS NOT NULL)',)]"
      ]
     },
     "execution_count": 15,
     "metadata": {},
     "output_type": "execute_result"
    }
   ],
   "source": [
    "%%sql\n",
    "EXPLAIN\n",
    "SELECT  s.store_id, avg(cumulative_rentals.cumulative_duration)\n",
    "FROM    store s JOIN staff st\n",
    "        USING(store_id)\n",
    "        JOIN rental r\n",
    "        USING(staff_id)\n",
    "        JOIN (SELECT  inventory_id\n",
    "                    ,sum(r.return_date - r.rental_date) AS cumulative_duration\n",
    "            FROM    rental as r\n",
    "            WHERE   r.return_date IS NOT NULL\n",
    "            GROUP BY r.inventory_id\n",
    "        ) as cumulative_rentals\n",
    "        ON r.inventory_id = cumulative_rentals.inventory_id\n",
    "GROUP BY s.store_id;"
   ]
  },
  {
   "cell_type": "code",
   "execution_count": 16,
   "metadata": {},
   "outputs": [
    {
     "name": "stdout",
     "output_type": "stream",
     "text": [
      " * postgres://dsa_ro_user:***@pgsql.dsa.lan/dvdrental\n",
      "2 rows affected.\n"
     ]
    },
    {
     "data": {
      "text/html": [
       "<table>\n",
       "    <tr>\n",
       "        <th>store_id</th>\n",
       "        <th>avg</th>\n",
       "    </tr>\n",
       "    <tr>\n",
       "        <td>1</td>\n",
       "        <td>19 days, 4:42:53.873135</td>\n",
       "    </tr>\n",
       "    <tr>\n",
       "        <td>2</td>\n",
       "        <td>19 days, 3:26:03.770615</td>\n",
       "    </tr>\n",
       "</table>"
      ],
      "text/plain": [
       "[(1, datetime.timedelta(days=19, seconds=16973, microseconds=873135)),\n",
       " (2, datetime.timedelta(days=19, seconds=12363, microseconds=770615))]"
      ]
     },
     "execution_count": 16,
     "metadata": {},
     "output_type": "execute_result"
    }
   ],
   "source": [
    "%%sql\n",
    "SELECT  s.store_id, avg(cumulative_rentals.cumulative_duration)\n",
    "FROM    store s JOIN staff st\n",
    "        USING(store_id)\n",
    "        JOIN rental r\n",
    "        USING(staff_id)\n",
    "        JOIN (SELECT  inventory_id\n",
    "                    ,sum(r.return_date - r.rental_date) AS cumulative_duration\n",
    "            FROM    rental as r\n",
    "            WHERE   r.return_date IS NOT NULL\n",
    "            GROUP BY r.inventory_id\n",
    "        ) as cumulative_rentals\n",
    "        ON r.inventory_id = cumulative_rentals.inventory_id\n",
    "GROUP BY s.store_id;"
   ]
  },
  {
   "cell_type": "markdown",
   "metadata": {},
   "source": [
    "[Helpful Hints Video](https://youtu.be/Scyn7exzUcY)  "
   ]
  },
  {
   "cell_type": "markdown",
   "metadata": {},
   "source": [
    "### 4\n",
    "### Which three categories of film have the highest average number of actors per film?"
   ]
  },
  {
   "cell_type": "code",
   "execution_count": 32,
   "metadata": {},
   "outputs": [
    {
     "name": "stdout",
     "output_type": "stream",
     "text": [
      " * postgres://dsa_ro_user:***@pgsql.dsa.lan/dvdrental\n",
      "21 rows affected.\n"
     ]
    },
    {
     "data": {
      "text/html": [
       "<table>\n",
       "    <tr>\n",
       "        <th>QUERY PLAN</th>\n",
       "    </tr>\n",
       "    <tr>\n",
       "        <td>Limit  (cost=252.16..252.16 rows=3 width=100)</td>\n",
       "    </tr>\n",
       "    <tr>\n",
       "        <td>&nbsp;&nbsp;-&gt;  Sort  (cost=252.16..252.20 rows=16 width=100)</td>\n",
       "    </tr>\n",
       "    <tr>\n",
       "        <td>&nbsp;&nbsp;&nbsp;&nbsp;&nbsp;&nbsp;&nbsp;&nbsp;Sort Key: (avg(ac.actors)) DESC</td>\n",
       "    </tr>\n",
       "    <tr>\n",
       "        <td>&nbsp;&nbsp;&nbsp;&nbsp;&nbsp;&nbsp;&nbsp;&nbsp;-&gt;  HashAggregate  (cost=251.75..251.95 rows=16 width=100)</td>\n",
       "    </tr>\n",
       "    <tr>\n",
       "        <td>&nbsp;&nbsp;&nbsp;&nbsp;&nbsp;&nbsp;&nbsp;&nbsp;&nbsp;&nbsp;&nbsp;&nbsp;&nbsp;&nbsp;Group Key: c.name</td>\n",
       "    </tr>\n",
       "    <tr>\n",
       "        <td>&nbsp;&nbsp;&nbsp;&nbsp;&nbsp;&nbsp;&nbsp;&nbsp;&nbsp;&nbsp;&nbsp;&nbsp;&nbsp;&nbsp;-&gt;  Hash Join  (cost=222.19..246.76 rows=997 width=76)</td>\n",
       "    </tr>\n",
       "    <tr>\n",
       "        <td>&nbsp;&nbsp;&nbsp;&nbsp;&nbsp;&nbsp;&nbsp;&nbsp;&nbsp;&nbsp;&nbsp;&nbsp;&nbsp;&nbsp;&nbsp;&nbsp;&nbsp;&nbsp;&nbsp;&nbsp;Hash Cond: (fc.film_id = f.film_id)</td>\n",
       "    </tr>\n",
       "    <tr>\n",
       "        <td>&nbsp;&nbsp;&nbsp;&nbsp;&nbsp;&nbsp;&nbsp;&nbsp;&nbsp;&nbsp;&nbsp;&nbsp;&nbsp;&nbsp;&nbsp;&nbsp;&nbsp;&nbsp;&nbsp;&nbsp;-&gt;  Hash Join  (cost=145.69..167.64 rows=997 width=80)</td>\n",
       "    </tr>\n",
       "    <tr>\n",
       "        <td>&nbsp;&nbsp;&nbsp;&nbsp;&nbsp;&nbsp;&nbsp;&nbsp;&nbsp;&nbsp;&nbsp;&nbsp;&nbsp;&nbsp;&nbsp;&nbsp;&nbsp;&nbsp;&nbsp;&nbsp;&nbsp;&nbsp;&nbsp;&nbsp;&nbsp;&nbsp;Hash Cond: (fc.category_id = c.category_id)</td>\n",
       "    </tr>\n",
       "    <tr>\n",
       "        <td>&nbsp;&nbsp;&nbsp;&nbsp;&nbsp;&nbsp;&nbsp;&nbsp;&nbsp;&nbsp;&nbsp;&nbsp;&nbsp;&nbsp;&nbsp;&nbsp;&nbsp;&nbsp;&nbsp;&nbsp;&nbsp;&nbsp;&nbsp;&nbsp;&nbsp;&nbsp;-&gt;  Hash Join  (cost=144.33..162.97 rows=997 width=14)</td>\n",
       "    </tr>\n",
       "    <tr>\n",
       "        <td>&nbsp;&nbsp;&nbsp;&nbsp;&nbsp;&nbsp;&nbsp;&nbsp;&nbsp;&nbsp;&nbsp;&nbsp;&nbsp;&nbsp;&nbsp;&nbsp;&nbsp;&nbsp;&nbsp;&nbsp;&nbsp;&nbsp;&nbsp;&nbsp;&nbsp;&nbsp;&nbsp;&nbsp;&nbsp;&nbsp;&nbsp;&nbsp;Hash Cond: (fc.film_id = ac.film_id)</td>\n",
       "    </tr>\n",
       "    <tr>\n",
       "        <td>&nbsp;&nbsp;&nbsp;&nbsp;&nbsp;&nbsp;&nbsp;&nbsp;&nbsp;&nbsp;&nbsp;&nbsp;&nbsp;&nbsp;&nbsp;&nbsp;&nbsp;&nbsp;&nbsp;&nbsp;&nbsp;&nbsp;&nbsp;&nbsp;&nbsp;&nbsp;&nbsp;&nbsp;&nbsp;&nbsp;&nbsp;&nbsp;-&gt;  Seq Scan on film_category fc  (cost=0.00..16.00 rows=1000 width=4)</td>\n",
       "    </tr>\n",
       "    <tr>\n",
       "        <td>&nbsp;&nbsp;&nbsp;&nbsp;&nbsp;&nbsp;&nbsp;&nbsp;&nbsp;&nbsp;&nbsp;&nbsp;&nbsp;&nbsp;&nbsp;&nbsp;&nbsp;&nbsp;&nbsp;&nbsp;&nbsp;&nbsp;&nbsp;&nbsp;&nbsp;&nbsp;&nbsp;&nbsp;&nbsp;&nbsp;&nbsp;&nbsp;-&gt;  Hash  (cost=131.87..131.87 rows=997 width=10)</td>\n",
       "    </tr>\n",
       "    <tr>\n",
       "        <td>&nbsp;&nbsp;&nbsp;&nbsp;&nbsp;&nbsp;&nbsp;&nbsp;&nbsp;&nbsp;&nbsp;&nbsp;&nbsp;&nbsp;&nbsp;&nbsp;&nbsp;&nbsp;&nbsp;&nbsp;&nbsp;&nbsp;&nbsp;&nbsp;&nbsp;&nbsp;&nbsp;&nbsp;&nbsp;&nbsp;&nbsp;&nbsp;&nbsp;&nbsp;&nbsp;&nbsp;&nbsp;&nbsp;-&gt;  Subquery Scan on ac  (cost=111.93..131.87 rows=997 width=10)</td>\n",
       "    </tr>\n",
       "    <tr>\n",
       "        <td>&nbsp;&nbsp;&nbsp;&nbsp;&nbsp;&nbsp;&nbsp;&nbsp;&nbsp;&nbsp;&nbsp;&nbsp;&nbsp;&nbsp;&nbsp;&nbsp;&nbsp;&nbsp;&nbsp;&nbsp;&nbsp;&nbsp;&nbsp;&nbsp;&nbsp;&nbsp;&nbsp;&nbsp;&nbsp;&nbsp;&nbsp;&nbsp;&nbsp;&nbsp;&nbsp;&nbsp;&nbsp;&nbsp;&nbsp;&nbsp;&nbsp;&nbsp;&nbsp;&nbsp;-&gt;  HashAggregate  (cost=111.93..121.90 rows=997 width=10)</td>\n",
       "    </tr>\n",
       "    <tr>\n",
       "        <td>&nbsp;&nbsp;&nbsp;&nbsp;&nbsp;&nbsp;&nbsp;&nbsp;&nbsp;&nbsp;&nbsp;&nbsp;&nbsp;&nbsp;&nbsp;&nbsp;&nbsp;&nbsp;&nbsp;&nbsp;&nbsp;&nbsp;&nbsp;&nbsp;&nbsp;&nbsp;&nbsp;&nbsp;&nbsp;&nbsp;&nbsp;&nbsp;&nbsp;&nbsp;&nbsp;&nbsp;&nbsp;&nbsp;&nbsp;&nbsp;&nbsp;&nbsp;&nbsp;&nbsp;&nbsp;&nbsp;&nbsp;&nbsp;&nbsp;&nbsp;Group Key: film_actor.film_id</td>\n",
       "    </tr>\n",
       "    <tr>\n",
       "        <td>&nbsp;&nbsp;&nbsp;&nbsp;&nbsp;&nbsp;&nbsp;&nbsp;&nbsp;&nbsp;&nbsp;&nbsp;&nbsp;&nbsp;&nbsp;&nbsp;&nbsp;&nbsp;&nbsp;&nbsp;&nbsp;&nbsp;&nbsp;&nbsp;&nbsp;&nbsp;&nbsp;&nbsp;&nbsp;&nbsp;&nbsp;&nbsp;&nbsp;&nbsp;&nbsp;&nbsp;&nbsp;&nbsp;&nbsp;&nbsp;&nbsp;&nbsp;&nbsp;&nbsp;&nbsp;&nbsp;&nbsp;&nbsp;&nbsp;&nbsp;-&gt;  Seq Scan on film_actor  (cost=0.00..84.62 rows=5462 width=4)</td>\n",
       "    </tr>\n",
       "    <tr>\n",
       "        <td>&nbsp;&nbsp;&nbsp;&nbsp;&nbsp;&nbsp;&nbsp;&nbsp;&nbsp;&nbsp;&nbsp;&nbsp;&nbsp;&nbsp;&nbsp;&nbsp;&nbsp;&nbsp;&nbsp;&nbsp;&nbsp;&nbsp;&nbsp;&nbsp;&nbsp;&nbsp;-&gt;  Hash  (cost=1.16..1.16 rows=16 width=72)</td>\n",
       "    </tr>\n",
       "    <tr>\n",
       "        <td>&nbsp;&nbsp;&nbsp;&nbsp;&nbsp;&nbsp;&nbsp;&nbsp;&nbsp;&nbsp;&nbsp;&nbsp;&nbsp;&nbsp;&nbsp;&nbsp;&nbsp;&nbsp;&nbsp;&nbsp;&nbsp;&nbsp;&nbsp;&nbsp;&nbsp;&nbsp;&nbsp;&nbsp;&nbsp;&nbsp;&nbsp;&nbsp;-&gt;  Seq Scan on category c  (cost=0.00..1.16 rows=16 width=72)</td>\n",
       "    </tr>\n",
       "    <tr>\n",
       "        <td>&nbsp;&nbsp;&nbsp;&nbsp;&nbsp;&nbsp;&nbsp;&nbsp;&nbsp;&nbsp;&nbsp;&nbsp;&nbsp;&nbsp;&nbsp;&nbsp;&nbsp;&nbsp;&nbsp;&nbsp;-&gt;  Hash  (cost=64.00..64.00 rows=1000 width=4)</td>\n",
       "    </tr>\n",
       "    <tr>\n",
       "        <td>&nbsp;&nbsp;&nbsp;&nbsp;&nbsp;&nbsp;&nbsp;&nbsp;&nbsp;&nbsp;&nbsp;&nbsp;&nbsp;&nbsp;&nbsp;&nbsp;&nbsp;&nbsp;&nbsp;&nbsp;&nbsp;&nbsp;&nbsp;&nbsp;&nbsp;&nbsp;-&gt;  Seq Scan on film f  (cost=0.00..64.00 rows=1000 width=4)</td>\n",
       "    </tr>\n",
       "</table>"
      ],
      "text/plain": [
       "[('Limit  (cost=252.16..252.16 rows=3 width=100)',),\n",
       " ('  ->  Sort  (cost=252.16..252.20 rows=16 width=100)',),\n",
       " ('        Sort Key: (avg(ac.actors)) DESC',),\n",
       " ('        ->  HashAggregate  (cost=251.75..251.95 rows=16 width=100)',),\n",
       " ('              Group Key: c.name',),\n",
       " ('              ->  Hash Join  (cost=222.19..246.76 rows=997 width=76)',),\n",
       " ('                    Hash Cond: (fc.film_id = f.film_id)',),\n",
       " ('                    ->  Hash Join  (cost=145.69..167.64 rows=997 width=80)',),\n",
       " ('                          Hash Cond: (fc.category_id = c.category_id)',),\n",
       " ('                          ->  Hash Join  (cost=144.33..162.97 rows=997 width=14)',),\n",
       " ('                                Hash Cond: (fc.film_id = ac.film_id)',),\n",
       " ('                                ->  Seq Scan on film_category fc  (cost=0.00..16.00 rows=1000 width=4)',),\n",
       " ('                                ->  Hash  (cost=131.87..131.87 rows=997 width=10)',),\n",
       " ('                                      ->  Subquery Scan on ac  (cost=111.93..131.87 rows=997 width=10)',),\n",
       " ('                                            ->  HashAggregate  (cost=111.93..121.90 rows=997 width=10)',),\n",
       " ('                                                  Group Key: film_actor.film_id',),\n",
       " ('                                                  ->  Seq Scan on film_actor  (cost=0.00..84.62 rows=5462 width=4)',),\n",
       " ('                          ->  Hash  (cost=1.16..1.16 rows=16 width=72)',),\n",
       " ('                                ->  Seq Scan on category c  (cost=0.00..1.16 rows=16 width=72)',),\n",
       " ('                    ->  Hash  (cost=64.00..64.00 rows=1000 width=4)',),\n",
       " ('                          ->  Seq Scan on film f  (cost=0.00..64.00 rows=1000 width=4)',)]"
      ]
     },
     "execution_count": 32,
     "metadata": {},
     "output_type": "execute_result"
    }
   ],
   "source": [
    "%%sql\n",
    "EXPLAIN\n",
    "SELECT  c.name, avg(ac.actors) as avg_actors\n",
    "FROM    category c JOIN film_category fc\n",
    "        USING(category_id)\n",
    "        JOIN film f\n",
    "        USING(film_id)\n",
    "        JOIN (SELECT  film_id, COUNT(actor_id) as actors\n",
    "              FROM    film_actor\n",
    "              GROUP BY film_id\n",
    "        ) as ac\n",
    "        USING(film_id)\n",
    "GROUP BY c.name\n",
    "ORDER BY avg_actors DESC\n",
    "LIMIT   3;"
   ]
  },
  {
   "cell_type": "code",
   "execution_count": 33,
   "metadata": {},
   "outputs": [
    {
     "name": "stdout",
     "output_type": "stream",
     "text": [
      " * postgres://dsa_ro_user:***@pgsql.dsa.lan/dvdrental\n",
      "3 rows affected.\n"
     ]
    },
    {
     "data": {
      "text/html": [
       "<table>\n",
       "    <tr>\n",
       "        <th>name</th>\n",
       "        <th>avg_actors</th>\n",
       "    </tr>\n",
       "    <tr>\n",
       "        <td>Sports</td>\n",
       "        <td>6.0410958904109589</td>\n",
       "    </tr>\n",
       "    <tr>\n",
       "        <td>Drama</td>\n",
       "        <td>5.7377049180327869</td>\n",
       "    </tr>\n",
       "    <tr>\n",
       "        <td>Children</td>\n",
       "        <td>5.7333333333333333</td>\n",
       "    </tr>\n",
       "</table>"
      ],
      "text/plain": [
       "[('Sports', Decimal('6.0410958904109589')),\n",
       " ('Drama', Decimal('5.7377049180327869')),\n",
       " ('Children', Decimal('5.7333333333333333'))]"
      ]
     },
     "execution_count": 33,
     "metadata": {},
     "output_type": "execute_result"
    }
   ],
   "source": [
    "%%sql\n",
    "SELECT  c.name, avg(ac.actors) as avg_actors\n",
    "FROM    category c JOIN film_category fc\n",
    "        USING(category_id)\n",
    "        JOIN film f\n",
    "        USING(film_id)\n",
    "        JOIN (SELECT  film_id, COUNT(actor_id) as actors\n",
    "              FROM    film_actor\n",
    "              GROUP BY film_id\n",
    "        ) as ac\n",
    "        USING(film_id)\n",
    "GROUP BY c.name\n",
    "ORDER BY avg_actors DESC\n",
    "LIMIT   3;"
   ]
  },
  {
   "cell_type": "markdown",
   "metadata": {},
   "source": [
    "### 5\n",
    "### For each staff member, list their average daily payment amount processed."
   ]
  },
  {
   "cell_type": "code",
   "execution_count": 42,
   "metadata": {},
   "outputs": [
    {
     "name": "stdout",
     "output_type": "stream",
     "text": [
      " * postgres://dsa_ro_user:***@pgsql.dsa.lan/dvdrental\n",
      "11 rows affected.\n"
     ]
    },
    {
     "data": {
      "text/html": [
       "<table>\n",
       "    <tr>\n",
       "        <th>QUERY PLAN</th>\n",
       "    </tr>\n",
       "    <tr>\n",
       "        <td>GroupAggregate  (cost=803.76..804.87 rows=2 width=36)</td>\n",
       "    </tr>\n",
       "    <tr>\n",
       "        <td>&nbsp;&nbsp;Group Key: st.staff_id</td>\n",
       "    </tr>\n",
       "    <tr>\n",
       "        <td>&nbsp;&nbsp;-&gt;  Sort  (cost=803.76..804.12 rows=144 width=36)</td>\n",
       "    </tr>\n",
       "    <tr>\n",
       "        <td>&nbsp;&nbsp;&nbsp;&nbsp;&nbsp;&nbsp;&nbsp;&nbsp;Sort Key: st.staff_id</td>\n",
       "    </tr>\n",
       "    <tr>\n",
       "        <td>&nbsp;&nbsp;&nbsp;&nbsp;&nbsp;&nbsp;&nbsp;&nbsp;-&gt;  Hash Join  (cost=400.96..798.60 rows=144 width=36)</td>\n",
       "    </tr>\n",
       "    <tr>\n",
       "        <td>&nbsp;&nbsp;&nbsp;&nbsp;&nbsp;&nbsp;&nbsp;&nbsp;&nbsp;&nbsp;&nbsp;&nbsp;&nbsp;&nbsp;Hash Cond: (payment.staff_id = st.staff_id)</td>\n",
       "    </tr>\n",
       "    <tr>\n",
       "        <td>&nbsp;&nbsp;&nbsp;&nbsp;&nbsp;&nbsp;&nbsp;&nbsp;&nbsp;&nbsp;&nbsp;&nbsp;&nbsp;&nbsp;-&gt;  HashAggregate  (cost=399.92..615.40 rows=14365 width=38)</td>\n",
       "    </tr>\n",
       "    <tr>\n",
       "        <td>&nbsp;&nbsp;&nbsp;&nbsp;&nbsp;&nbsp;&nbsp;&nbsp;&nbsp;&nbsp;&nbsp;&nbsp;&nbsp;&nbsp;&nbsp;&nbsp;&nbsp;&nbsp;&nbsp;&nbsp;Group Key: payment.staff_id, (payment.payment_date)::date</td>\n",
       "    </tr>\n",
       "    <tr>\n",
       "        <td>&nbsp;&nbsp;&nbsp;&nbsp;&nbsp;&nbsp;&nbsp;&nbsp;&nbsp;&nbsp;&nbsp;&nbsp;&nbsp;&nbsp;&nbsp;&nbsp;&nbsp;&nbsp;&nbsp;&nbsp;-&gt;  Seq Scan on payment  (cost=0.00..290.45 rows=14596 width=12)</td>\n",
       "    </tr>\n",
       "    <tr>\n",
       "        <td>&nbsp;&nbsp;&nbsp;&nbsp;&nbsp;&nbsp;&nbsp;&nbsp;&nbsp;&nbsp;&nbsp;&nbsp;&nbsp;&nbsp;-&gt;  Hash  (cost=1.02..1.02 rows=2 width=4)</td>\n",
       "    </tr>\n",
       "    <tr>\n",
       "        <td>&nbsp;&nbsp;&nbsp;&nbsp;&nbsp;&nbsp;&nbsp;&nbsp;&nbsp;&nbsp;&nbsp;&nbsp;&nbsp;&nbsp;&nbsp;&nbsp;&nbsp;&nbsp;&nbsp;&nbsp;-&gt;  Seq Scan on staff st  (cost=0.00..1.02 rows=2 width=4)</td>\n",
       "    </tr>\n",
       "</table>"
      ],
      "text/plain": [
       "[('GroupAggregate  (cost=803.76..804.87 rows=2 width=36)',),\n",
       " ('  Group Key: st.staff_id',),\n",
       " ('  ->  Sort  (cost=803.76..804.12 rows=144 width=36)',),\n",
       " ('        Sort Key: st.staff_id',),\n",
       " ('        ->  Hash Join  (cost=400.96..798.60 rows=144 width=36)',),\n",
       " ('              Hash Cond: (payment.staff_id = st.staff_id)',),\n",
       " ('              ->  HashAggregate  (cost=399.92..615.40 rows=14365 width=38)',),\n",
       " ('                    Group Key: payment.staff_id, (payment.payment_date)::date',),\n",
       " ('                    ->  Seq Scan on payment  (cost=0.00..290.45 rows=14596 width=12)',),\n",
       " ('              ->  Hash  (cost=1.02..1.02 rows=2 width=4)',),\n",
       " ('                    ->  Seq Scan on staff st  (cost=0.00..1.02 rows=2 width=4)',)]"
      ]
     },
     "execution_count": 42,
     "metadata": {},
     "output_type": "execute_result"
    }
   ],
   "source": [
    "%%sql\n",
    "EXPLAIN\n",
    "SELECT  staff_id, avg(payments.daily_payments) as avg_daily_payments\n",
    "FROM    staff st JOIN (\n",
    "            SELECT  staff_id\n",
    "                    ,payment_date::TIMESTAMP::DATE as date\n",
    "                    ,sum(amount) as daily_payments\n",
    "            FROM    payment\n",
    "            GROUP BY staff_id, date\n",
    "        ) as payments\n",
    "        USING(staff_id)\n",
    "GROUP BY staff_id;\n",
    "\n",
    "\n",
    "\n"
   ]
  },
  {
   "cell_type": "code",
   "execution_count": 48,
   "metadata": {},
   "outputs": [
    {
     "name": "stdout",
     "output_type": "stream",
     "text": [
      " * postgres://dsa_ro_user:***@pgsql.dsa.lan/dvdrental\n",
      "64 rows affected.\n"
     ]
    },
    {
     "data": {
      "text/html": [
       "<table>\n",
       "    <tr>\n",
       "        <th>staff_id</th>\n",
       "        <th>date</th>\n",
       "        <th>avg_daily_payments</th>\n",
       "    </tr>\n",
       "    <tr>\n",
       "        <td>1</td>\n",
       "        <td>2007-02-14</td>\n",
       "        <td>45.9000000000000000</td>\n",
       "    </tr>\n",
       "    <tr>\n",
       "        <td>2</td>\n",
       "        <td>2007-02-14</td>\n",
       "        <td>70.8300000000000000</td>\n",
       "    </tr>\n",
       "    <tr>\n",
       "        <td>1</td>\n",
       "        <td>2007-02-15</td>\n",
       "        <td>599.3900000000000000</td>\n",
       "    </tr>\n",
       "    <tr>\n",
       "        <td>2</td>\n",
       "        <td>2007-02-15</td>\n",
       "        <td>589.5300000000000000</td>\n",
       "    </tr>\n",
       "    <tr>\n",
       "        <td>1</td>\n",
       "        <td>2007-02-16</td>\n",
       "        <td>611.5200000000000000</td>\n",
       "    </tr>\n",
       "    <tr>\n",
       "        <td>2</td>\n",
       "        <td>2007-02-16</td>\n",
       "        <td>542.6600000000000000</td>\n",
       "    </tr>\n",
       "    <tr>\n",
       "        <td>1</td>\n",
       "        <td>2007-02-17</td>\n",
       "        <td>527.7400000000000000</td>\n",
       "    </tr>\n",
       "    <tr>\n",
       "        <td>2</td>\n",
       "        <td>2007-02-17</td>\n",
       "        <td>660.4300000000000000</td>\n",
       "    </tr>\n",
       "    <tr>\n",
       "        <td>1</td>\n",
       "        <td>2007-02-18</td>\n",
       "        <td>662.3600000000000000</td>\n",
       "    </tr>\n",
       "    <tr>\n",
       "        <td>2</td>\n",
       "        <td>2007-02-18</td>\n",
       "        <td>613.6200000000000000</td>\n",
       "    </tr>\n",
       "    <tr>\n",
       "        <td>1</td>\n",
       "        <td>2007-02-19</td>\n",
       "        <td>659.3900000000000000</td>\n",
       "    </tr>\n",
       "    <tr>\n",
       "        <td>2</td>\n",
       "        <td>2007-02-19</td>\n",
       "        <td>631.5100000000000000</td>\n",
       "    </tr>\n",
       "    <tr>\n",
       "        <td>1</td>\n",
       "        <td>2007-02-20</td>\n",
       "        <td>606.5500000000000000</td>\n",
       "    </tr>\n",
       "    <tr>\n",
       "        <td>2</td>\n",
       "        <td>2007-02-20</td>\n",
       "        <td>612.5400000000000000</td>\n",
       "    </tr>\n",
       "    <tr>\n",
       "        <td>1</td>\n",
       "        <td>2007-02-21</td>\n",
       "        <td>447.9900000000000000</td>\n",
       "    </tr>\n",
       "    <tr>\n",
       "        <td>2</td>\n",
       "        <td>2007-02-21</td>\n",
       "        <td>469.8800000000000000</td>\n",
       "    </tr>\n",
       "    <tr>\n",
       "        <td>1</td>\n",
       "        <td>2007-03-01</td>\n",
       "        <td>1461.4500000000000000</td>\n",
       "    </tr>\n",
       "    <tr>\n",
       "        <td>2</td>\n",
       "        <td>2007-03-01</td>\n",
       "        <td>1346.7900000000000000</td>\n",
       "    </tr>\n",
       "    <tr>\n",
       "        <td>1</td>\n",
       "        <td>2007-03-02</td>\n",
       "        <td>1237.2100000000000000</td>\n",
       "    </tr>\n",
       "    <tr>\n",
       "        <td>2</td>\n",
       "        <td>2007-03-02</td>\n",
       "        <td>1312.8400000000000000</td>\n",
       "    </tr>\n",
       "    <tr>\n",
       "        <td>1</td>\n",
       "        <td>2007-03-16</td>\n",
       "        <td>112.7000000000000000</td>\n",
       "    </tr>\n",
       "    <tr>\n",
       "        <td>2</td>\n",
       "        <td>2007-03-16</td>\n",
       "        <td>186.5800000000000000</td>\n",
       "    </tr>\n",
       "    <tr>\n",
       "        <td>1</td>\n",
       "        <td>2007-03-17</td>\n",
       "        <td>1201.0400000000000000</td>\n",
       "    </tr>\n",
       "    <tr>\n",
       "        <td>2</td>\n",
       "        <td>2007-03-17</td>\n",
       "        <td>1241.1200000000000000</td>\n",
       "    </tr>\n",
       "    <tr>\n",
       "        <td>1</td>\n",
       "        <td>2007-03-18</td>\n",
       "        <td>1395.8000000000000000</td>\n",
       "    </tr>\n",
       "    <tr>\n",
       "        <td>2</td>\n",
       "        <td>2007-03-18</td>\n",
       "        <td>1305.9600000000000000</td>\n",
       "    </tr>\n",
       "    <tr>\n",
       "        <td>1</td>\n",
       "        <td>2007-03-19</td>\n",
       "        <td>1213.9800000000000000</td>\n",
       "    </tr>\n",
       "    <tr>\n",
       "        <td>2</td>\n",
       "        <td>2007-03-19</td>\n",
       "        <td>1403.7100000000000000</td>\n",
       "    </tr>\n",
       "    <tr>\n",
       "        <td>1</td>\n",
       "        <td>2007-03-20</td>\n",
       "        <td>1231.0900000000000000</td>\n",
       "    </tr>\n",
       "    <tr>\n",
       "        <td>2</td>\n",
       "        <td>2007-03-20</td>\n",
       "        <td>1438.8000000000000000</td>\n",
       "    </tr>\n",
       "    <tr>\n",
       "        <td>1</td>\n",
       "        <td>2007-03-21</td>\n",
       "        <td>1326.8500000000000000</td>\n",
       "    </tr>\n",
       "    <tr>\n",
       "        <td>2</td>\n",
       "        <td>2007-03-21</td>\n",
       "        <td>1541.4200000000000000</td>\n",
       "    </tr>\n",
       "    <tr>\n",
       "        <td>1</td>\n",
       "        <td>2007-03-22</td>\n",
       "        <td>1338.7000000000000000</td>\n",
       "    </tr>\n",
       "    <tr>\n",
       "        <td>2</td>\n",
       "        <td>2007-03-22</td>\n",
       "        <td>1248.0900000000000000</td>\n",
       "    </tr>\n",
       "    <tr>\n",
       "        <td>1</td>\n",
       "        <td>2007-03-23</td>\n",
       "        <td>1258.0100000000000000</td>\n",
       "    </tr>\n",
       "    <tr>\n",
       "        <td>2</td>\n",
       "        <td>2007-03-23</td>\n",
       "        <td>1084.4200000000000000</td>\n",
       "    </tr>\n",
       "    <tr>\n",
       "        <td>1</td>\n",
       "        <td>2007-04-05</td>\n",
       "        <td>136.7000000000000000</td>\n",
       "    </tr>\n",
       "    <tr>\n",
       "        <td>2</td>\n",
       "        <td>2007-04-05</td>\n",
       "        <td>136.6600000000000000</td>\n",
       "    </tr>\n",
       "    <tr>\n",
       "        <td>1</td>\n",
       "        <td>2007-04-06</td>\n",
       "        <td>1032.5700000000000000</td>\n",
       "    </tr>\n",
       "    <tr>\n",
       "        <td>2</td>\n",
       "        <td>2007-04-06</td>\n",
       "        <td>1044.5700000000000000</td>\n",
       "    </tr>\n",
       "    <tr>\n",
       "        <td>1</td>\n",
       "        <td>2007-04-07</td>\n",
       "        <td>1009.6300000000000000</td>\n",
       "    </tr>\n",
       "    <tr>\n",
       "        <td>2</td>\n",
       "        <td>2007-04-07</td>\n",
       "        <td>974.6500000000000000</td>\n",
       "    </tr>\n",
       "    <tr>\n",
       "        <td>1</td>\n",
       "        <td>2007-04-08</td>\n",
       "        <td>1066.4400000000000000</td>\n",
       "    </tr>\n",
       "    <tr>\n",
       "        <td>2</td>\n",
       "        <td>2007-04-08</td>\n",
       "        <td>1161.4000000000000000</td>\n",
       "    </tr>\n",
       "    <tr>\n",
       "        <td>1</td>\n",
       "        <td>2007-04-09</td>\n",
       "        <td>1001.4600000000000000</td>\n",
       "    </tr>\n",
       "    <tr>\n",
       "        <td>2</td>\n",
       "        <td>2007-04-09</td>\n",
       "        <td>1066.4000000000000000</td>\n",
       "    </tr>\n",
       "    <tr>\n",
       "        <td>1</td>\n",
       "        <td>2007-04-10</td>\n",
       "        <td>1037.4800000000000000</td>\n",
       "    </tr>\n",
       "    <tr>\n",
       "        <td>2</td>\n",
       "        <td>2007-04-10</td>\n",
       "        <td>935.7000000000000000</td>\n",
       "    </tr>\n",
       "    <tr>\n",
       "        <td>1</td>\n",
       "        <td>2007-04-11</td>\n",
       "        <td>947.6700000000000000</td>\n",
       "    </tr>\n",
       "    <tr>\n",
       "        <td>2</td>\n",
       "        <td>2007-04-11</td>\n",
       "        <td>992.6500000000000000</td>\n",
       "    </tr>\n",
       "    <tr>\n",
       "        <td>1</td>\n",
       "        <td>2007-04-12</td>\n",
       "        <td>911.7800000000000000</td>\n",
       "    </tr>\n",
       "    <tr>\n",
       "        <td>2</td>\n",
       "        <td>2007-04-12</td>\n",
       "        <td>1018.7000000000000000</td>\n",
       "    </tr>\n",
       "    <tr>\n",
       "        <td>1</td>\n",
       "        <td>2007-04-26</td>\n",
       "        <td>210.5400000000000000</td>\n",
       "    </tr>\n",
       "    <tr>\n",
       "        <td>2</td>\n",
       "        <td>2007-04-26</td>\n",
       "        <td>136.6700000000000000</td>\n",
       "    </tr>\n",
       "    <tr>\n",
       "        <td>1</td>\n",
       "        <td>2007-04-27</td>\n",
       "        <td>1370.7400000000000000</td>\n",
       "    </tr>\n",
       "    <tr>\n",
       "        <td>2</td>\n",
       "        <td>2007-04-27</td>\n",
       "        <td>1302.8300000000000000</td>\n",
       "    </tr>\n",
       "    <tr>\n",
       "        <td>1</td>\n",
       "        <td>2007-04-28</td>\n",
       "        <td>1237.9300000000000000</td>\n",
       "    </tr>\n",
       "    <tr>\n",
       "        <td>2</td>\n",
       "        <td>2007-04-28</td>\n",
       "        <td>1384.8000000000000000</td>\n",
       "    </tr>\n",
       "    <tr>\n",
       "        <td>1</td>\n",
       "        <td>2007-04-29</td>\n",
       "        <td>1328.7900000000000000</td>\n",
       "    </tr>\n",
       "    <tr>\n",
       "        <td>2</td>\n",
       "        <td>2007-04-29</td>\n",
       "        <td>1388.8100000000000000</td>\n",
       "    </tr>\n",
       "    <tr>\n",
       "        <td>1</td>\n",
       "        <td>2007-04-30</td>\n",
       "        <td>2788.6300000000000000</td>\n",
       "    </tr>\n",
       "    <tr>\n",
       "        <td>2</td>\n",
       "        <td>2007-04-30</td>\n",
       "        <td>2935.2600000000000000</td>\n",
       "    </tr>\n",
       "    <tr>\n",
       "        <td>1</td>\n",
       "        <td>2007-05-14</td>\n",
       "        <td>234.0900000000000000</td>\n",
       "    </tr>\n",
       "    <tr>\n",
       "        <td>2</td>\n",
       "        <td>2007-05-14</td>\n",
       "        <td>280.0900000000000000</td>\n",
       "    </tr>\n",
       "</table>"
      ],
      "text/plain": [
       "[(1, datetime.date(2007, 2, 14), Decimal('45.9000000000000000')),\n",
       " (2, datetime.date(2007, 2, 14), Decimal('70.8300000000000000')),\n",
       " (1, datetime.date(2007, 2, 15), Decimal('599.3900000000000000')),\n",
       " (2, datetime.date(2007, 2, 15), Decimal('589.5300000000000000')),\n",
       " (1, datetime.date(2007, 2, 16), Decimal('611.5200000000000000')),\n",
       " (2, datetime.date(2007, 2, 16), Decimal('542.6600000000000000')),\n",
       " (1, datetime.date(2007, 2, 17), Decimal('527.7400000000000000')),\n",
       " (2, datetime.date(2007, 2, 17), Decimal('660.4300000000000000')),\n",
       " (1, datetime.date(2007, 2, 18), Decimal('662.3600000000000000')),\n",
       " (2, datetime.date(2007, 2, 18), Decimal('613.6200000000000000')),\n",
       " (1, datetime.date(2007, 2, 19), Decimal('659.3900000000000000')),\n",
       " (2, datetime.date(2007, 2, 19), Decimal('631.5100000000000000')),\n",
       " (1, datetime.date(2007, 2, 20), Decimal('606.5500000000000000')),\n",
       " (2, datetime.date(2007, 2, 20), Decimal('612.5400000000000000')),\n",
       " (1, datetime.date(2007, 2, 21), Decimal('447.9900000000000000')),\n",
       " (2, datetime.date(2007, 2, 21), Decimal('469.8800000000000000')),\n",
       " (1, datetime.date(2007, 3, 1), Decimal('1461.4500000000000000')),\n",
       " (2, datetime.date(2007, 3, 1), Decimal('1346.7900000000000000')),\n",
       " (1, datetime.date(2007, 3, 2), Decimal('1237.2100000000000000')),\n",
       " (2, datetime.date(2007, 3, 2), Decimal('1312.8400000000000000')),\n",
       " (1, datetime.date(2007, 3, 16), Decimal('112.7000000000000000')),\n",
       " (2, datetime.date(2007, 3, 16), Decimal('186.5800000000000000')),\n",
       " (1, datetime.date(2007, 3, 17), Decimal('1201.0400000000000000')),\n",
       " (2, datetime.date(2007, 3, 17), Decimal('1241.1200000000000000')),\n",
       " (1, datetime.date(2007, 3, 18), Decimal('1395.8000000000000000')),\n",
       " (2, datetime.date(2007, 3, 18), Decimal('1305.9600000000000000')),\n",
       " (1, datetime.date(2007, 3, 19), Decimal('1213.9800000000000000')),\n",
       " (2, datetime.date(2007, 3, 19), Decimal('1403.7100000000000000')),\n",
       " (1, datetime.date(2007, 3, 20), Decimal('1231.0900000000000000')),\n",
       " (2, datetime.date(2007, 3, 20), Decimal('1438.8000000000000000')),\n",
       " (1, datetime.date(2007, 3, 21), Decimal('1326.8500000000000000')),\n",
       " (2, datetime.date(2007, 3, 21), Decimal('1541.4200000000000000')),\n",
       " (1, datetime.date(2007, 3, 22), Decimal('1338.7000000000000000')),\n",
       " (2, datetime.date(2007, 3, 22), Decimal('1248.0900000000000000')),\n",
       " (1, datetime.date(2007, 3, 23), Decimal('1258.0100000000000000')),\n",
       " (2, datetime.date(2007, 3, 23), Decimal('1084.4200000000000000')),\n",
       " (1, datetime.date(2007, 4, 5), Decimal('136.7000000000000000')),\n",
       " (2, datetime.date(2007, 4, 5), Decimal('136.6600000000000000')),\n",
       " (1, datetime.date(2007, 4, 6), Decimal('1032.5700000000000000')),\n",
       " (2, datetime.date(2007, 4, 6), Decimal('1044.5700000000000000')),\n",
       " (1, datetime.date(2007, 4, 7), Decimal('1009.6300000000000000')),\n",
       " (2, datetime.date(2007, 4, 7), Decimal('974.6500000000000000')),\n",
       " (1, datetime.date(2007, 4, 8), Decimal('1066.4400000000000000')),\n",
       " (2, datetime.date(2007, 4, 8), Decimal('1161.4000000000000000')),\n",
       " (1, datetime.date(2007, 4, 9), Decimal('1001.4600000000000000')),\n",
       " (2, datetime.date(2007, 4, 9), Decimal('1066.4000000000000000')),\n",
       " (1, datetime.date(2007, 4, 10), Decimal('1037.4800000000000000')),\n",
       " (2, datetime.date(2007, 4, 10), Decimal('935.7000000000000000')),\n",
       " (1, datetime.date(2007, 4, 11), Decimal('947.6700000000000000')),\n",
       " (2, datetime.date(2007, 4, 11), Decimal('992.6500000000000000')),\n",
       " (1, datetime.date(2007, 4, 12), Decimal('911.7800000000000000')),\n",
       " (2, datetime.date(2007, 4, 12), Decimal('1018.7000000000000000')),\n",
       " (1, datetime.date(2007, 4, 26), Decimal('210.5400000000000000')),\n",
       " (2, datetime.date(2007, 4, 26), Decimal('136.6700000000000000')),\n",
       " (1, datetime.date(2007, 4, 27), Decimal('1370.7400000000000000')),\n",
       " (2, datetime.date(2007, 4, 27), Decimal('1302.8300000000000000')),\n",
       " (1, datetime.date(2007, 4, 28), Decimal('1237.9300000000000000')),\n",
       " (2, datetime.date(2007, 4, 28), Decimal('1384.8000000000000000')),\n",
       " (1, datetime.date(2007, 4, 29), Decimal('1328.7900000000000000')),\n",
       " (2, datetime.date(2007, 4, 29), Decimal('1388.8100000000000000')),\n",
       " (1, datetime.date(2007, 4, 30), Decimal('2788.6300000000000000')),\n",
       " (2, datetime.date(2007, 4, 30), Decimal('2935.2600000000000000')),\n",
       " (1, datetime.date(2007, 5, 14), Decimal('234.0900000000000000')),\n",
       " (2, datetime.date(2007, 5, 14), Decimal('280.0900000000000000'))]"
      ]
     },
     "execution_count": 48,
     "metadata": {},
     "output_type": "execute_result"
    }
   ],
   "source": [
    "%%sql\n",
    "SELECT  staff_id, payments.date, avg(payments.daily_payments) as avg_daily_payments\n",
    "FROM    staff st JOIN (\n",
    "            SELECT  staff_id\n",
    "                    ,payment_date::TIMESTAMP::DATE as date\n",
    "                    ,sum(amount) as daily_payments\n",
    "            FROM    payment\n",
    "            GROUP BY staff_id, date\n",
    "        ) as payments\n",
    "        USING(staff_id)\n",
    "GROUP BY staff_id, date\n",
    "ORDER BY payments.date, staff_id;\n",
    "\n",
    "\n",
    "\n",
    "\n"
   ]
  },
  {
   "cell_type": "markdown",
   "metadata": {},
   "source": [
    "### 6\n",
    "### What is the statistical correlation between film length and rental rate?"
   ]
  },
  {
   "cell_type": "code",
   "execution_count": 49,
   "metadata": {},
   "outputs": [
    {
     "name": "stdout",
     "output_type": "stream",
     "text": [
      " * postgres://dsa_ro_user:***@pgsql.dsa.lan/dvdrental\n",
      "2 rows affected.\n"
     ]
    },
    {
     "data": {
      "text/html": [
       "<table>\n",
       "    <tr>\n",
       "        <th>QUERY PLAN</th>\n",
       "    </tr>\n",
       "    <tr>\n",
       "        <td>Aggregate  (cost=71.50..71.51 rows=1 width=8)</td>\n",
       "    </tr>\n",
       "    <tr>\n",
       "        <td>&nbsp;&nbsp;-&gt;  Seq Scan on film  (cost=0.00..64.00 rows=1000 width=8)</td>\n",
       "    </tr>\n",
       "</table>"
      ],
      "text/plain": [
       "[('Aggregate  (cost=71.50..71.51 rows=1 width=8)',),\n",
       " ('  ->  Seq Scan on film  (cost=0.00..64.00 rows=1000 width=8)',)]"
      ]
     },
     "execution_count": 49,
     "metadata": {},
     "output_type": "execute_result"
    }
   ],
   "source": [
    "%%sql\n",
    "EXPLAIN\n",
    "SELECT  corr(length, rental_rate)\n",
    "FROM    film;"
   ]
  },
  {
   "cell_type": "code",
   "execution_count": 50,
   "metadata": {},
   "outputs": [
    {
     "name": "stdout",
     "output_type": "stream",
     "text": [
      " * postgres://dsa_ro_user:***@pgsql.dsa.lan/dvdrental\n",
      "1 rows affected.\n"
     ]
    },
    {
     "data": {
      "text/html": [
       "<table>\n",
       "    <tr>\n",
       "        <th>corr</th>\n",
       "    </tr>\n",
       "    <tr>\n",
       "        <td>0.0297892586459086</td>\n",
       "    </tr>\n",
       "</table>"
      ],
      "text/plain": [
       "[(0.0297892586459086,)]"
      ]
     },
     "execution_count": 50,
     "metadata": {},
     "output_type": "execute_result"
    }
   ],
   "source": [
    "%%sql\n",
    "SELECT  corr(length, rental_rate)\n",
    "FROM    film;"
   ]
  },
  {
   "cell_type": "markdown",
   "metadata": {},
   "source": [
    "[Helpful Hints Video](https://youtu.be/3d2vgLn9KVs)  "
   ]
  },
  {
   "cell_type": "markdown",
   "metadata": {},
   "source": [
    "# Save your Notebook, then `File > Close and Halt`"
   ]
  }
 ],
 "metadata": {
  "kernelspec": {
   "display_name": "Python 3",
   "language": "python",
   "name": "python3"
  },
  "language_info": {
   "codemirror_mode": {
    "name": "ipython",
    "version": 3
   },
   "file_extension": ".py",
   "mimetype": "text/x-python",
   "name": "python",
   "nbconvert_exporter": "python",
   "pygments_lexer": "ipython3",
   "version": "3.7.3"
  }
 },
 "nbformat": 4,
 "nbformat_minor": 1
}
