{
 "cells": [
  {
   "cell_type": "markdown",
   "metadata": {},
   "source": [
    "# Query Explain Plans\n",
    "\n",
    "\n",
    "<span style='font-size:1.2em'>This lab will pull some queries from previous activities and review the *Explain Plans*, or *Query Plans*.</span>\n",
    "\n",
    "You are strongly encouraged to use `EXPLAIN` on all queries you write before you try to execute them.\n",
    "We will look at a couple of bad queries to understand why.\n",
    "\n"
   ]
  },
  {
   "cell_type": "code",
   "execution_count": 1,
   "metadata": {},
   "outputs": [
    {
     "data": {
      "text/plain": [
       "'Connected: dsa_ro_user@dsa_ro'"
      ]
     },
     "execution_count": 1,
     "metadata": {},
     "output_type": "execute_result"
    }
   ],
   "source": [
    "%load_ext sql\n",
    "%sql postgres://dsa_ro_user:readonly@pgsql.dsa.lan/dsa_ro"
   ]
  },
  {
   "cell_type": "code",
   "execution_count": 2,
   "metadata": {
    "scrolled": true
   },
   "outputs": [
    {
     "name": "stdout",
     "output_type": "stream",
     "text": [
      " * postgres://dsa_ro_user:***@pgsql.dsa.lan/dsa_ro\n",
      "4 rows affected.\n"
     ]
    },
    {
     "data": {
      "text/html": [
       "<table>\n",
       "    <tr>\n",
       "        <th>QUERY PLAN</th>\n",
       "    </tr>\n",
       "    <tr>\n",
       "        <td>Aggregate  (cost=7.40..7.41 rows=1 width=8) (actual time=0.130..0.130 rows=1 loops=1)</td>\n",
       "    </tr>\n",
       "    <tr>\n",
       "        <td>&nbsp;&nbsp;-&gt;  Seq Scan on cities  (cost=0.00..6.52 rows=352 width=0) (actual time=0.018..0.090 rows=352 loops=1)</td>\n",
       "    </tr>\n",
       "    <tr>\n",
       "        <td>Planning time: 0.083 ms</td>\n",
       "    </tr>\n",
       "    <tr>\n",
       "        <td>Execution time: 0.232 ms</td>\n",
       "    </tr>\n",
       "</table>"
      ],
      "text/plain": [
       "[('Aggregate  (cost=7.40..7.41 rows=1 width=8) (actual time=0.130..0.130 rows=1 loops=1)',),\n",
       " ('  ->  Seq Scan on cities  (cost=0.00..6.52 rows=352 width=0) (actual time=0.018..0.090 rows=352 loops=1)',),\n",
       " ('Planning time: 0.083 ms',),\n",
       " ('Execution time: 0.232 ms',)]"
      ]
     },
     "execution_count": 2,
     "metadata": {},
     "output_type": "execute_result"
    }
   ],
   "source": [
    "%%sql\n",
    "EXPLAIN ANALYZE\n",
    "SELECT COUNT(*) FROM cities;"
   ]
  },
  {
   "cell_type": "code",
   "execution_count": 3,
   "metadata": {},
   "outputs": [
    {
     "name": "stdout",
     "output_type": "stream",
     "text": [
      " * postgres://dsa_ro_user:***@pgsql.dsa.lan/dsa_ro\n",
      "6 rows affected.\n"
     ]
    },
    {
     "data": {
      "text/html": [
       "<table>\n",
       "    <tr>\n",
       "        <th>QUERY PLAN</th>\n",
       "    </tr>\n",
       "    <tr>\n",
       "        <td>Aggregate  (cost=7.50..7.50 rows=1 width=8) (actual time=0.114..0.114 rows=1 loops=1)</td>\n",
       "    </tr>\n",
       "    <tr>\n",
       "        <td>&nbsp;&nbsp;-&gt;  Seq Scan on cities  (cost=0.00..7.40 rows=38 width=0) (actual time=0.021..0.103 rows=38 loops=1)</td>\n",
       "    </tr>\n",
       "    <tr>\n",
       "        <td>&nbsp;&nbsp;&nbsp;&nbsp;&nbsp;&nbsp;&nbsp;&nbsp;Filter: ((country)::text = &#x27;India&#x27;::text)</td>\n",
       "    </tr>\n",
       "    <tr>\n",
       "        <td>&nbsp;&nbsp;&nbsp;&nbsp;&nbsp;&nbsp;&nbsp;&nbsp;Rows Removed by Filter: 314</td>\n",
       "    </tr>\n",
       "    <tr>\n",
       "        <td>Planning time: 0.172 ms</td>\n",
       "    </tr>\n",
       "    <tr>\n",
       "        <td>Execution time: 0.160 ms</td>\n",
       "    </tr>\n",
       "</table>"
      ],
      "text/plain": [
       "[('Aggregate  (cost=7.50..7.50 rows=1 width=8) (actual time=0.114..0.114 rows=1 loops=1)',),\n",
       " ('  ->  Seq Scan on cities  (cost=0.00..7.40 rows=38 width=0) (actual time=0.021..0.103 rows=38 loops=1)',),\n",
       " (\"        Filter: ((country)::text = 'India'::text)\",),\n",
       " ('        Rows Removed by Filter: 314',),\n",
       " ('Planning time: 0.172 ms',),\n",
       " ('Execution time: 0.160 ms',)]"
      ]
     },
     "execution_count": 3,
     "metadata": {},
     "output_type": "execute_result"
    }
   ],
   "source": [
    "%%sql \n",
    "EXPLAIN ANALYZE\n",
    "SELECT COUNT(*) FROM cities WHERE country = 'India'"
   ]
  },
  {
   "cell_type": "markdown",
   "metadata": {},
   "source": [
    "In the two queries above, we see that either way we get a sequential scan on the table.\n",
    "This is driven by the size of the table - recall the size is 352 rows.\n",
    "\n",
    "\n",
    "---\n",
    "\n",
    "By contrast, let us look at a larger table with 3295 rows.\n",
    "A regular `COUNT` gets a table scan, ` Seq Scan on us_second_order_divisions`\n",
    "\n",
    "\n",
    "However, adding the WHERE clause allows an index to come into play.\n",
    "The index element of the plan in this case: `Bitmap Index Scan on us_second_order_divisions_pkey`  \n",
    "We will discuss Indexing within databases at the end of this module.\n"
   ]
  },
  {
   "cell_type": "code",
   "execution_count": 4,
   "metadata": {},
   "outputs": [
    {
     "name": "stdout",
     "output_type": "stream",
     "text": [
      " * postgres://dsa_ro_user:***@pgsql.dsa.lan/dsa_ro\n",
      "4 rows affected.\n"
     ]
    },
    {
     "data": {
      "text/html": [
       "<table>\n",
       "    <tr>\n",
       "        <th>QUERY PLAN</th>\n",
       "    </tr>\n",
       "    <tr>\n",
       "        <td>Aggregate  (cost=60.19..60.20 rows=1 width=8) (actual time=1.502..1.502 rows=1 loops=1)</td>\n",
       "    </tr>\n",
       "    <tr>\n",
       "        <td>&nbsp;&nbsp;-&gt;  Seq Scan on us_second_order_divisions  (cost=0.00..51.95 rows=3295 width=0) (actual time=0.029..0.947 rows=3295 loops=1)</td>\n",
       "    </tr>\n",
       "    <tr>\n",
       "        <td>Planning time: 0.374 ms</td>\n",
       "    </tr>\n",
       "    <tr>\n",
       "        <td>Execution time: 1.543 ms</td>\n",
       "    </tr>\n",
       "</table>"
      ],
      "text/plain": [
       "[('Aggregate  (cost=60.19..60.20 rows=1 width=8) (actual time=1.502..1.502 rows=1 loops=1)',),\n",
       " ('  ->  Seq Scan on us_second_order_divisions  (cost=0.00..51.95 rows=3295 width=0) (actual time=0.029..0.947 rows=3295 loops=1)',),\n",
       " ('Planning time: 0.374 ms',),\n",
       " ('Execution time: 1.543 ms',)]"
      ]
     },
     "execution_count": 4,
     "metadata": {},
     "output_type": "execute_result"
    }
   ],
   "source": [
    "%%sql\n",
    "EXPLAIN ANALYZE\n",
    "SELECT COUNT(*) FROM us_second_order_divisions;"
   ]
  },
  {
   "cell_type": "code",
   "execution_count": 5,
   "metadata": {},
   "outputs": [
    {
     "name": "stdout",
     "output_type": "stream",
     "text": [
      " * postgres://dsa_ro_user:***@pgsql.dsa.lan/dsa_ro\n",
      "8 rows affected.\n"
     ]
    },
    {
     "data": {
      "text/html": [
       "<table>\n",
       "    <tr>\n",
       "        <th>QUERY PLAN</th>\n",
       "    </tr>\n",
       "    <tr>\n",
       "        <td>Aggregate  (cost=22.79..22.80 rows=1 width=8) (actual time=0.267..0.267 rows=1 loops=1)</td>\n",
       "    </tr>\n",
       "    <tr>\n",
       "        <td>&nbsp;&nbsp;-&gt;  Bitmap Heap Scan on us_second_order_divisions  (cost=4.37..22.76 rows=12 width=0) (actual time=0.257..0.261 rows=14 loops=1)</td>\n",
       "    </tr>\n",
       "    <tr>\n",
       "        <td>&nbsp;&nbsp;&nbsp;&nbsp;&nbsp;&nbsp;&nbsp;&nbsp;Recheck Cond: (state_number_code = 25)</td>\n",
       "    </tr>\n",
       "    <tr>\n",
       "        <td>&nbsp;&nbsp;&nbsp;&nbsp;&nbsp;&nbsp;&nbsp;&nbsp;Heap Blocks: exact=1</td>\n",
       "    </tr>\n",
       "    <tr>\n",
       "        <td>&nbsp;&nbsp;&nbsp;&nbsp;&nbsp;&nbsp;&nbsp;&nbsp;-&gt;  Bitmap Index Scan on us_second_order_divisions_pkey  (cost=0.00..4.37 rows=12 width=0) (actual time=0.245..0.246 rows=14 loops=1)</td>\n",
       "    </tr>\n",
       "    <tr>\n",
       "        <td>&nbsp;&nbsp;&nbsp;&nbsp;&nbsp;&nbsp;&nbsp;&nbsp;&nbsp;&nbsp;&nbsp;&nbsp;&nbsp;&nbsp;Index Cond: (state_number_code = 25)</td>\n",
       "    </tr>\n",
       "    <tr>\n",
       "        <td>Planning time: 0.150 ms</td>\n",
       "    </tr>\n",
       "    <tr>\n",
       "        <td>Execution time: 0.351 ms</td>\n",
       "    </tr>\n",
       "</table>"
      ],
      "text/plain": [
       "[('Aggregate  (cost=22.79..22.80 rows=1 width=8) (actual time=0.267..0.267 rows=1 loops=1)',),\n",
       " ('  ->  Bitmap Heap Scan on us_second_order_divisions  (cost=4.37..22.76 rows=12 width=0) (actual time=0.257..0.261 rows=14 loops=1)',),\n",
       " ('        Recheck Cond: (state_number_code = 25)',),\n",
       " ('        Heap Blocks: exact=1',),\n",
       " ('        ->  Bitmap Index Scan on us_second_order_divisions_pkey  (cost=0.00..4.37 rows=12 width=0) (actual time=0.245..0.246 rows=14 loops=1)',),\n",
       " ('              Index Cond: (state_number_code = 25)',),\n",
       " ('Planning time: 0.150 ms',),\n",
       " ('Execution time: 0.351 ms',)]"
      ]
     },
     "execution_count": 5,
     "metadata": {},
     "output_type": "execute_result"
    }
   ],
   "source": [
    "%%sql\n",
    "EXPLAIN ANALYZE\n",
    "SELECT COUNT(*) FROM us_second_order_divisions\n",
    "WHERE state_number_code = 25;"
   ]
  },
  {
   "cell_type": "markdown",
   "metadata": {},
   "source": [
    "## Explain versus Explain Analyze\n",
    "\n",
    "You may notice above that we are using `EXPLAIN ANALYZE` versus just `EXPLAIN`. \n",
    "This is because I know these queries work and I know that running them will not drag down the database.\n",
    "\n",
    "It is generally a good idea to `EXPLAIN` first, then once you trust your SQL, `EXPLAIN ANALYZE`.\n",
    "\n",
    "\n",
    "**Take Note of the output differences of the same SQL without and with the `ANALYZE` option.**"
   ]
  },
  {
   "cell_type": "code",
   "execution_count": 6,
   "metadata": {},
   "outputs": [
    {
     "name": "stdout",
     "output_type": "stream",
     "text": [
      " * postgres://dsa_ro_user:***@pgsql.dsa.lan/dsa_ro\n",
      "3 rows affected.\n"
     ]
    },
    {
     "data": {
      "text/html": [
       "<table>\n",
       "    <tr>\n",
       "        <th>QUERY PLAN</th>\n",
       "    </tr>\n",
       "    <tr>\n",
       "        <td>HashAggregate  (cost=8.28..9.25 rows=97 width=12)</td>\n",
       "    </tr>\n",
       "    <tr>\n",
       "        <td>&nbsp;&nbsp;Group Key: country</td>\n",
       "    </tr>\n",
       "    <tr>\n",
       "        <td>&nbsp;&nbsp;-&gt;  Seq Scan on cities  (cost=0.00..6.52 rows=352 width=12)</td>\n",
       "    </tr>\n",
       "</table>"
      ],
      "text/plain": [
       "[('HashAggregate  (cost=8.28..9.25 rows=97 width=12)',),\n",
       " ('  Group Key: country',),\n",
       " ('  ->  Seq Scan on cities  (cost=0.00..6.52 rows=352 width=12)',)]"
      ]
     },
     "execution_count": 6,
     "metadata": {},
     "output_type": "execute_result"
    }
   ],
   "source": [
    "%%sql \n",
    "EXPLAIN\n",
    "SELECT country, MIN(population) \n",
    "FROM cities \n",
    "GROUP BY country;"
   ]
  },
  {
   "cell_type": "code",
   "execution_count": 7,
   "metadata": {},
   "outputs": [
    {
     "name": "stdout",
     "output_type": "stream",
     "text": [
      " * postgres://dsa_ro_user:***@pgsql.dsa.lan/dsa_ro\n",
      "5 rows affected.\n"
     ]
    },
    {
     "data": {
      "text/html": [
       "<table>\n",
       "    <tr>\n",
       "        <th>QUERY PLAN</th>\n",
       "    </tr>\n",
       "    <tr>\n",
       "        <td>HashAggregate  (cost=8.28..9.25 rows=97 width=12) (actual time=0.343..0.408 rows=97 loops=1)</td>\n",
       "    </tr>\n",
       "    <tr>\n",
       "        <td>&nbsp;&nbsp;Group Key: country</td>\n",
       "    </tr>\n",
       "    <tr>\n",
       "        <td>&nbsp;&nbsp;-&gt;  Seq Scan on cities  (cost=0.00..6.52 rows=352 width=12) (actual time=0.033..0.105 rows=352 loops=1)</td>\n",
       "    </tr>\n",
       "    <tr>\n",
       "        <td>Planning time: 0.073 ms</td>\n",
       "    </tr>\n",
       "    <tr>\n",
       "        <td>Execution time: 0.462 ms</td>\n",
       "    </tr>\n",
       "</table>"
      ],
      "text/plain": [
       "[('HashAggregate  (cost=8.28..9.25 rows=97 width=12) (actual time=0.343..0.408 rows=97 loops=1)',),\n",
       " ('  Group Key: country',),\n",
       " ('  ->  Seq Scan on cities  (cost=0.00..6.52 rows=352 width=12) (actual time=0.033..0.105 rows=352 loops=1)',),\n",
       " ('Planning time: 0.073 ms',),\n",
       " ('Execution time: 0.462 ms',)]"
      ]
     },
     "execution_count": 7,
     "metadata": {},
     "output_type": "execute_result"
    }
   ],
   "source": [
    "%%sql \n",
    "EXPLAIN ANALYZE\n",
    "SELECT country, MIN(population) \n",
    "FROM cities \n",
    "GROUP BY country;"
   ]
  },
  {
   "cell_type": "markdown",
   "metadata": {},
   "source": [
    "## Aggregates \n",
    "\n",
    "We see the `HashAggregate` is used to perform the groupings and apply the aggregate function over the data groups."
   ]
  },
  {
   "cell_type": "code",
   "execution_count": 8,
   "metadata": {},
   "outputs": [
    {
     "name": "stdout",
     "output_type": "stream",
     "text": [
      " * postgres://dsa_ro_user:***@pgsql.dsa.lan/dsa_ro\n",
      "7 rows affected.\n"
     ]
    },
    {
     "data": {
      "text/html": [
       "<table>\n",
       "    <tr>\n",
       "        <th>QUERY PLAN</th>\n",
       "    </tr>\n",
       "    <tr>\n",
       "        <td>HashAggregate  (cost=9.16..10.13 rows=97 width=16) (actual time=0.334..0.355 rows=8 loops=1)</td>\n",
       "    </tr>\n",
       "    <tr>\n",
       "        <td>&nbsp;&nbsp;Group Key: country</td>\n",
       "    </tr>\n",
       "    <tr>\n",
       "        <td>&nbsp;&nbsp;Filter: (count(*) &gt; 10)</td>\n",
       "    </tr>\n",
       "    <tr>\n",
       "        <td>&nbsp;&nbsp;Rows Removed by Filter: 89</td>\n",
       "    </tr>\n",
       "    <tr>\n",
       "        <td>&nbsp;&nbsp;-&gt;  Seq Scan on cities  (cost=0.00..6.52 rows=352 width=8) (actual time=0.012..0.078 rows=352 loops=1)</td>\n",
       "    </tr>\n",
       "    <tr>\n",
       "        <td>Planning time: 0.071 ms</td>\n",
       "    </tr>\n",
       "    <tr>\n",
       "        <td>Execution time: 0.427 ms</td>\n",
       "    </tr>\n",
       "</table>"
      ],
      "text/plain": [
       "[('HashAggregate  (cost=9.16..10.13 rows=97 width=16) (actual time=0.334..0.355 rows=8 loops=1)',),\n",
       " ('  Group Key: country',),\n",
       " ('  Filter: (count(*) > 10)',),\n",
       " ('  Rows Removed by Filter: 89',),\n",
       " ('  ->  Seq Scan on cities  (cost=0.00..6.52 rows=352 width=8) (actual time=0.012..0.078 rows=352 loops=1)',),\n",
       " ('Planning time: 0.071 ms',),\n",
       " ('Execution time: 0.427 ms',)]"
      ]
     },
     "execution_count": 8,
     "metadata": {},
     "output_type": "execute_result"
    }
   ],
   "source": [
    "%%sql \n",
    "EXPLAIN ANALYZE\n",
    "SELECT country, count(*) \n",
    "FROM cities \n",
    "GROUP BY country \n",
    "HAVING count(*) > 10;"
   ]
  },
  {
   "cell_type": "markdown",
   "metadata": {},
   "source": [
    "## Sorting is expensive!\n",
    "\n",
    "We previously used the SQL below to build up our understanding of aggregations.\n",
    "\n",
    "Examine each of the `EXPLAIN` plans and try to correlate those to parts of the SQL.\n",
    "Tuning a database is as much an **art** as a science.\n",
    "The first step however, is learning how to read explain plans and understand how query structure and data within the table will affect the cost-based optimizer of a DBMS."
   ]
  },
  {
   "cell_type": "code",
   "execution_count": 9,
   "metadata": {},
   "outputs": [
    {
     "name": "stdout",
     "output_type": "stream",
     "text": [
      " * postgres://dsa_ro_user:***@pgsql.dsa.lan/dsa_ro\n",
      "10 rows affected.\n"
     ]
    },
    {
     "data": {
      "text/html": [
       "<table>\n",
       "    <tr>\n",
       "        <th>QUERY PLAN</th>\n",
       "    </tr>\n",
       "    <tr>\n",
       "        <td>HashAggregate  (cost=116.08..116.67 rows=59 width=18) (actual time=4.047..4.065 rows=60 loops=1)</td>\n",
       "    </tr>\n",
       "    <tr>\n",
       "        <td>&nbsp;&nbsp;Group Key: s.state_name</td>\n",
       "    </tr>\n",
       "    <tr>\n",
       "        <td>&nbsp;&nbsp;-&gt;  Hash Join  (cost=2.35..99.61 rows=3295 width=10) (actual time=0.137..2.482 rows=3295 loops=1)</td>\n",
       "    </tr>\n",
       "    <tr>\n",
       "        <td>&nbsp;&nbsp;&nbsp;&nbsp;&nbsp;&nbsp;&nbsp;&nbsp;Hash Cond: (c.state_number_code = s.state_number_code)</td>\n",
       "    </tr>\n",
       "    <tr>\n",
       "        <td>&nbsp;&nbsp;&nbsp;&nbsp;&nbsp;&nbsp;&nbsp;&nbsp;-&gt;  Seq Scan on us_second_order_divisions c  (cost=0.00..51.95 rows=3295 width=2) (actual time=0.015..0.725 rows=3295 loops=1)</td>\n",
       "    </tr>\n",
       "    <tr>\n",
       "        <td>&nbsp;&nbsp;&nbsp;&nbsp;&nbsp;&nbsp;&nbsp;&nbsp;-&gt;  Hash  (cost=1.60..1.60 rows=60 width=12) (actual time=0.072..0.072 rows=60 loops=1)</td>\n",
       "    </tr>\n",
       "    <tr>\n",
       "        <td>&nbsp;&nbsp;&nbsp;&nbsp;&nbsp;&nbsp;&nbsp;&nbsp;&nbsp;&nbsp;&nbsp;&nbsp;&nbsp;&nbsp;Buckets: 1024  Batches: 1  Memory Usage: 11kB</td>\n",
       "    </tr>\n",
       "    <tr>\n",
       "        <td>&nbsp;&nbsp;&nbsp;&nbsp;&nbsp;&nbsp;&nbsp;&nbsp;&nbsp;&nbsp;&nbsp;&nbsp;&nbsp;&nbsp;-&gt;  Seq Scan on util_us_states s  (cost=0.00..1.60 rows=60 width=12) (actual time=0.011..0.029 rows=60 loops=1)</td>\n",
       "    </tr>\n",
       "    <tr>\n",
       "        <td>Planning time: 0.881 ms</td>\n",
       "    </tr>\n",
       "    <tr>\n",
       "        <td>Execution time: 4.177 ms</td>\n",
       "    </tr>\n",
       "</table>"
      ],
      "text/plain": [
       "[('HashAggregate  (cost=116.08..116.67 rows=59 width=18) (actual time=4.047..4.065 rows=60 loops=1)',),\n",
       " ('  Group Key: s.state_name',),\n",
       " ('  ->  Hash Join  (cost=2.35..99.61 rows=3295 width=10) (actual time=0.137..2.482 rows=3295 loops=1)',),\n",
       " ('        Hash Cond: (c.state_number_code = s.state_number_code)',),\n",
       " ('        ->  Seq Scan on us_second_order_divisions c  (cost=0.00..51.95 rows=3295 width=2) (actual time=0.015..0.725 rows=3295 loops=1)',),\n",
       " ('        ->  Hash  (cost=1.60..1.60 rows=60 width=12) (actual time=0.072..0.072 rows=60 loops=1)',),\n",
       " ('              Buckets: 1024  Batches: 1  Memory Usage: 11kB',),\n",
       " ('              ->  Seq Scan on util_us_states s  (cost=0.00..1.60 rows=60 width=12) (actual time=0.011..0.029 rows=60 loops=1)',),\n",
       " ('Planning time: 0.881 ms',),\n",
       " ('Execution time: 4.177 ms',)]"
      ]
     },
     "execution_count": 9,
     "metadata": {},
     "output_type": "execute_result"
    }
   ],
   "source": [
    "%%sql \n",
    "EXPLAIN ANALYZE\n",
    "SELECT S.state_name, count(*)\n",
    "FROM us_second_order_divisions as C\n",
    "JOIN util_us_states as S\n",
    "  ON (C.state_number_code=S.state_number_code)\n",
    "GROUP BY S.state_name;"
   ]
  },
  {
   "cell_type": "code",
   "execution_count": 10,
   "metadata": {},
   "outputs": [
    {
     "name": "stdout",
     "output_type": "stream",
     "text": [
      " * postgres://dsa_ro_user:***@pgsql.dsa.lan/dsa_ro\n",
      "13 rows affected.\n"
     ]
    },
    {
     "data": {
      "text/html": [
       "<table>\n",
       "    <tr>\n",
       "        <th>QUERY PLAN</th>\n",
       "    </tr>\n",
       "    <tr>\n",
       "        <td>Sort  (cost=118.41..118.55 rows=59 width=18) (actual time=4.436..4.444 rows=60 loops=1)</td>\n",
       "    </tr>\n",
       "    <tr>\n",
       "        <td>&nbsp;&nbsp;Sort Key: s.state_name</td>\n",
       "    </tr>\n",
       "    <tr>\n",
       "        <td>&nbsp;&nbsp;Sort Method: quicksort  Memory: 29kB</td>\n",
       "    </tr>\n",
       "    <tr>\n",
       "        <td>&nbsp;&nbsp;-&gt;  HashAggregate  (cost=116.08..116.67 rows=59 width=18) (actual time=4.084..4.107 rows=60 loops=1)</td>\n",
       "    </tr>\n",
       "    <tr>\n",
       "        <td>&nbsp;&nbsp;&nbsp;&nbsp;&nbsp;&nbsp;&nbsp;&nbsp;Group Key: s.state_name</td>\n",
       "    </tr>\n",
       "    <tr>\n",
       "        <td>&nbsp;&nbsp;&nbsp;&nbsp;&nbsp;&nbsp;&nbsp;&nbsp;-&gt;  Hash Join  (cost=2.35..99.61 rows=3295 width=10) (actual time=0.116..2.476 rows=3295 loops=1)</td>\n",
       "    </tr>\n",
       "    <tr>\n",
       "        <td>&nbsp;&nbsp;&nbsp;&nbsp;&nbsp;&nbsp;&nbsp;&nbsp;&nbsp;&nbsp;&nbsp;&nbsp;&nbsp;&nbsp;Hash Cond: (c.state_number_code = s.state_number_code)</td>\n",
       "    </tr>\n",
       "    <tr>\n",
       "        <td>&nbsp;&nbsp;&nbsp;&nbsp;&nbsp;&nbsp;&nbsp;&nbsp;&nbsp;&nbsp;&nbsp;&nbsp;&nbsp;&nbsp;-&gt;  Seq Scan on us_second_order_divisions c  (cost=0.00..51.95 rows=3295 width=2) (actual time=0.014..0.720 rows=3295 loops=1)</td>\n",
       "    </tr>\n",
       "    <tr>\n",
       "        <td>&nbsp;&nbsp;&nbsp;&nbsp;&nbsp;&nbsp;&nbsp;&nbsp;&nbsp;&nbsp;&nbsp;&nbsp;&nbsp;&nbsp;-&gt;  Hash  (cost=1.60..1.60 rows=60 width=12) (actual time=0.075..0.076 rows=60 loops=1)</td>\n",
       "    </tr>\n",
       "    <tr>\n",
       "        <td>&nbsp;&nbsp;&nbsp;&nbsp;&nbsp;&nbsp;&nbsp;&nbsp;&nbsp;&nbsp;&nbsp;&nbsp;&nbsp;&nbsp;&nbsp;&nbsp;&nbsp;&nbsp;&nbsp;&nbsp;Buckets: 1024  Batches: 1  Memory Usage: 11kB</td>\n",
       "    </tr>\n",
       "    <tr>\n",
       "        <td>&nbsp;&nbsp;&nbsp;&nbsp;&nbsp;&nbsp;&nbsp;&nbsp;&nbsp;&nbsp;&nbsp;&nbsp;&nbsp;&nbsp;&nbsp;&nbsp;&nbsp;&nbsp;&nbsp;&nbsp;-&gt;  Seq Scan on util_us_states s  (cost=0.00..1.60 rows=60 width=12) (actual time=0.006..0.024 rows=60 loops=1)</td>\n",
       "    </tr>\n",
       "    <tr>\n",
       "        <td>Planning time: 0.398 ms</td>\n",
       "    </tr>\n",
       "    <tr>\n",
       "        <td>Execution time: 4.585 ms</td>\n",
       "    </tr>\n",
       "</table>"
      ],
      "text/plain": [
       "[('Sort  (cost=118.41..118.55 rows=59 width=18) (actual time=4.436..4.444 rows=60 loops=1)',),\n",
       " ('  Sort Key: s.state_name',),\n",
       " ('  Sort Method: quicksort  Memory: 29kB',),\n",
       " ('  ->  HashAggregate  (cost=116.08..116.67 rows=59 width=18) (actual time=4.084..4.107 rows=60 loops=1)',),\n",
       " ('        Group Key: s.state_name',),\n",
       " ('        ->  Hash Join  (cost=2.35..99.61 rows=3295 width=10) (actual time=0.116..2.476 rows=3295 loops=1)',),\n",
       " ('              Hash Cond: (c.state_number_code = s.state_number_code)',),\n",
       " ('              ->  Seq Scan on us_second_order_divisions c  (cost=0.00..51.95 rows=3295 width=2) (actual time=0.014..0.720 rows=3295 loops=1)',),\n",
       " ('              ->  Hash  (cost=1.60..1.60 rows=60 width=12) (actual time=0.075..0.076 rows=60 loops=1)',),\n",
       " ('                    Buckets: 1024  Batches: 1  Memory Usage: 11kB',),\n",
       " ('                    ->  Seq Scan on util_us_states s  (cost=0.00..1.60 rows=60 width=12) (actual time=0.006..0.024 rows=60 loops=1)',),\n",
       " ('Planning time: 0.398 ms',),\n",
       " ('Execution time: 4.585 ms',)]"
      ]
     },
     "execution_count": 10,
     "metadata": {},
     "output_type": "execute_result"
    }
   ],
   "source": [
    "%%sql \n",
    "EXPLAIN ANALYZE\n",
    "SELECT S.state_name, count(*)\n",
    "FROM us_second_order_divisions as C\n",
    "JOIN util_us_states as S\n",
    "  ON (C.state_number_code=S.state_number_code)\n",
    "GROUP BY S.state_name\n",
    "ORDER BY S.state_name;"
   ]
  },
  {
   "cell_type": "code",
   "execution_count": 11,
   "metadata": {},
   "outputs": [
    {
     "name": "stdout",
     "output_type": "stream",
     "text": [
      " * postgres://dsa_ro_user:***@pgsql.dsa.lan/dsa_ro\n",
      "15 rows affected.\n"
     ]
    },
    {
     "data": {
      "text/html": [
       "<table>\n",
       "    <tr>\n",
       "        <th>QUERY PLAN</th>\n",
       "    </tr>\n",
       "    <tr>\n",
       "        <td>Sort  (cost=134.88..135.03 rows=59 width=18) (actual time=3.296..3.297 rows=12 loops=1)</td>\n",
       "    </tr>\n",
       "    <tr>\n",
       "        <td>&nbsp;&nbsp;Sort Key: (count(*)) DESC</td>\n",
       "    </tr>\n",
       "    <tr>\n",
       "        <td>&nbsp;&nbsp;Sort Method: quicksort  Memory: 25kB</td>\n",
       "    </tr>\n",
       "    <tr>\n",
       "        <td>&nbsp;&nbsp;-&gt;  HashAggregate  (cost=132.56..133.15 rows=59 width=18) (actual time=3.161..3.179 rows=12 loops=1)</td>\n",
       "    </tr>\n",
       "    <tr>\n",
       "        <td>&nbsp;&nbsp;&nbsp;&nbsp;&nbsp;&nbsp;&nbsp;&nbsp;Group Key: s.state_name</td>\n",
       "    </tr>\n",
       "    <tr>\n",
       "        <td>&nbsp;&nbsp;&nbsp;&nbsp;&nbsp;&nbsp;&nbsp;&nbsp;Filter: ((count(*) &gt;= 10) AND (count(*) &lt;= 30))</td>\n",
       "    </tr>\n",
       "    <tr>\n",
       "        <td>&nbsp;&nbsp;&nbsp;&nbsp;&nbsp;&nbsp;&nbsp;&nbsp;Rows Removed by Filter: 48</td>\n",
       "    </tr>\n",
       "    <tr>\n",
       "        <td>&nbsp;&nbsp;&nbsp;&nbsp;&nbsp;&nbsp;&nbsp;&nbsp;-&gt;  Hash Join  (cost=2.35..99.61 rows=3295 width=10) (actual time=0.081..1.949 rows=3295 loops=1)</td>\n",
       "    </tr>\n",
       "    <tr>\n",
       "        <td>&nbsp;&nbsp;&nbsp;&nbsp;&nbsp;&nbsp;&nbsp;&nbsp;&nbsp;&nbsp;&nbsp;&nbsp;&nbsp;&nbsp;Hash Cond: (c.state_number_code = s.state_number_code)</td>\n",
       "    </tr>\n",
       "    <tr>\n",
       "        <td>&nbsp;&nbsp;&nbsp;&nbsp;&nbsp;&nbsp;&nbsp;&nbsp;&nbsp;&nbsp;&nbsp;&nbsp;&nbsp;&nbsp;-&gt;  Seq Scan on us_second_order_divisions c  (cost=0.00..51.95 rows=3295 width=2) (actual time=0.010..0.549 rows=3295 loops=1)</td>\n",
       "    </tr>\n",
       "    <tr>\n",
       "        <td>&nbsp;&nbsp;&nbsp;&nbsp;&nbsp;&nbsp;&nbsp;&nbsp;&nbsp;&nbsp;&nbsp;&nbsp;&nbsp;&nbsp;-&gt;  Hash  (cost=1.60..1.60 rows=60 width=12) (actual time=0.049..0.049 rows=60 loops=1)</td>\n",
       "    </tr>\n",
       "    <tr>\n",
       "        <td>&nbsp;&nbsp;&nbsp;&nbsp;&nbsp;&nbsp;&nbsp;&nbsp;&nbsp;&nbsp;&nbsp;&nbsp;&nbsp;&nbsp;&nbsp;&nbsp;&nbsp;&nbsp;&nbsp;&nbsp;Buckets: 1024  Batches: 1  Memory Usage: 11kB</td>\n",
       "    </tr>\n",
       "    <tr>\n",
       "        <td>&nbsp;&nbsp;&nbsp;&nbsp;&nbsp;&nbsp;&nbsp;&nbsp;&nbsp;&nbsp;&nbsp;&nbsp;&nbsp;&nbsp;&nbsp;&nbsp;&nbsp;&nbsp;&nbsp;&nbsp;-&gt;  Seq Scan on util_us_states s  (cost=0.00..1.60 rows=60 width=12) (actual time=0.005..0.018 rows=60 loops=1)</td>\n",
       "    </tr>\n",
       "    <tr>\n",
       "        <td>Planning time: 0.289 ms</td>\n",
       "    </tr>\n",
       "    <tr>\n",
       "        <td>Execution time: 3.416 ms</td>\n",
       "    </tr>\n",
       "</table>"
      ],
      "text/plain": [
       "[('Sort  (cost=134.88..135.03 rows=59 width=18) (actual time=3.296..3.297 rows=12 loops=1)',),\n",
       " ('  Sort Key: (count(*)) DESC',),\n",
       " ('  Sort Method: quicksort  Memory: 25kB',),\n",
       " ('  ->  HashAggregate  (cost=132.56..133.15 rows=59 width=18) (actual time=3.161..3.179 rows=12 loops=1)',),\n",
       " ('        Group Key: s.state_name',),\n",
       " ('        Filter: ((count(*) >= 10) AND (count(*) <= 30))',),\n",
       " ('        Rows Removed by Filter: 48',),\n",
       " ('        ->  Hash Join  (cost=2.35..99.61 rows=3295 width=10) (actual time=0.081..1.949 rows=3295 loops=1)',),\n",
       " ('              Hash Cond: (c.state_number_code = s.state_number_code)',),\n",
       " ('              ->  Seq Scan on us_second_order_divisions c  (cost=0.00..51.95 rows=3295 width=2) (actual time=0.010..0.549 rows=3295 loops=1)',),\n",
       " ('              ->  Hash  (cost=1.60..1.60 rows=60 width=12) (actual time=0.049..0.049 rows=60 loops=1)',),\n",
       " ('                    Buckets: 1024  Batches: 1  Memory Usage: 11kB',),\n",
       " ('                    ->  Seq Scan on util_us_states s  (cost=0.00..1.60 rows=60 width=12) (actual time=0.005..0.018 rows=60 loops=1)',),\n",
       " ('Planning time: 0.289 ms',),\n",
       " ('Execution time: 3.416 ms',)]"
      ]
     },
     "execution_count": 11,
     "metadata": {},
     "output_type": "execute_result"
    }
   ],
   "source": [
    "%%sql \n",
    "EXPLAIN ANALYZE\n",
    "SELECT S.state_name, count(*)\n",
    "FROM us_second_order_divisions as C\n",
    "JOIN util_us_states as S\n",
    "  ON (C.state_number_code=S.state_number_code)\n",
    "GROUP BY S.state_name\n",
    "HAVING COUNT(*) BETWEEN 10 AND 30\n",
    "ORDER BY COUNT(*) DESC;"
   ]
  },
  {
   "cell_type": "markdown",
   "metadata": {},
   "source": [
    "## <span style=\"background:yellow\">Your Turn!</span>\n",
    "\n",
    "Examine the **cross-product** query using EXPLAIN first, and then answer the question below.\n",
    "\n"
   ]
  },
  {
   "cell_type": "code",
   "execution_count": 12,
   "metadata": {},
   "outputs": [
    {
     "name": "stdout",
     "output_type": "stream",
     "text": [
      " * postgres://dsa_ro_user:***@pgsql.dsa.lan/dsa_ro\n",
      "13 rows affected.\n"
     ]
    },
    {
     "data": {
      "text/html": [
       "<table>\n",
       "    <tr>\n",
       "        <th>QUERY PLAN</th>\n",
       "    </tr>\n",
       "    <tr>\n",
       "        <td>Sort  (cost=4504.28..4504.42 rows=59 width=18) (actual time=67.984..67.984 rows=0 loops=1)</td>\n",
       "    </tr>\n",
       "    <tr>\n",
       "        <td>&nbsp;&nbsp;Sort Key: (count(*)) DESC</td>\n",
       "    </tr>\n",
       "    <tr>\n",
       "        <td>&nbsp;&nbsp;Sort Method: quicksort  Memory: 25kB</td>\n",
       "    </tr>\n",
       "    <tr>\n",
       "        <td>&nbsp;&nbsp;-&gt;  HashAggregate  (cost=4501.95..4502.54 rows=59 width=18) (actual time=67.979..67.979 rows=0 loops=1)</td>\n",
       "    </tr>\n",
       "    <tr>\n",
       "        <td>&nbsp;&nbsp;&nbsp;&nbsp;&nbsp;&nbsp;&nbsp;&nbsp;Group Key: s.state_name</td>\n",
       "    </tr>\n",
       "    <tr>\n",
       "        <td>&nbsp;&nbsp;&nbsp;&nbsp;&nbsp;&nbsp;&nbsp;&nbsp;Filter: ((count(*) &gt;= 10) AND (count(*) &lt;= 30))</td>\n",
       "    </tr>\n",
       "    <tr>\n",
       "        <td>&nbsp;&nbsp;&nbsp;&nbsp;&nbsp;&nbsp;&nbsp;&nbsp;Rows Removed by Filter: 60</td>\n",
       "    </tr>\n",
       "    <tr>\n",
       "        <td>&nbsp;&nbsp;&nbsp;&nbsp;&nbsp;&nbsp;&nbsp;&nbsp;-&gt;  Nested Loop  (cost=0.00..2524.95 rows=197700 width=10) (actual time=0.068..29.186 rows=197700 loops=1)</td>\n",
       "    </tr>\n",
       "    <tr>\n",
       "        <td>&nbsp;&nbsp;&nbsp;&nbsp;&nbsp;&nbsp;&nbsp;&nbsp;&nbsp;&nbsp;&nbsp;&nbsp;&nbsp;&nbsp;-&gt;  Seq Scan on us_second_order_divisions c  (cost=0.00..51.95 rows=3295 width=0) (actual time=0.015..0.314 rows=3295 loops=1)</td>\n",
       "    </tr>\n",
       "    <tr>\n",
       "        <td>&nbsp;&nbsp;&nbsp;&nbsp;&nbsp;&nbsp;&nbsp;&nbsp;&nbsp;&nbsp;&nbsp;&nbsp;&nbsp;&nbsp;-&gt;  Materialize  (cost=0.00..1.90 rows=60 width=10) (actual time=0.000..0.003 rows=60 loops=3295)</td>\n",
       "    </tr>\n",
       "    <tr>\n",
       "        <td>&nbsp;&nbsp;&nbsp;&nbsp;&nbsp;&nbsp;&nbsp;&nbsp;&nbsp;&nbsp;&nbsp;&nbsp;&nbsp;&nbsp;&nbsp;&nbsp;&nbsp;&nbsp;&nbsp;&nbsp;-&gt;  Seq Scan on util_us_states s  (cost=0.00..1.60 rows=60 width=10) (actual time=0.013..0.029 rows=60 loops=1)</td>\n",
       "    </tr>\n",
       "    <tr>\n",
       "        <td>Planning time: 0.134 ms</td>\n",
       "    </tr>\n",
       "    <tr>\n",
       "        <td>Execution time: 68.072 ms</td>\n",
       "    </tr>\n",
       "</table>"
      ],
      "text/plain": [
       "[('Sort  (cost=4504.28..4504.42 rows=59 width=18) (actual time=67.984..67.984 rows=0 loops=1)',),\n",
       " ('  Sort Key: (count(*)) DESC',),\n",
       " ('  Sort Method: quicksort  Memory: 25kB',),\n",
       " ('  ->  HashAggregate  (cost=4501.95..4502.54 rows=59 width=18) (actual time=67.979..67.979 rows=0 loops=1)',),\n",
       " ('        Group Key: s.state_name',),\n",
       " ('        Filter: ((count(*) >= 10) AND (count(*) <= 30))',),\n",
       " ('        Rows Removed by Filter: 60',),\n",
       " ('        ->  Nested Loop  (cost=0.00..2524.95 rows=197700 width=10) (actual time=0.068..29.186 rows=197700 loops=1)',),\n",
       " ('              ->  Seq Scan on us_second_order_divisions c  (cost=0.00..51.95 rows=3295 width=0) (actual time=0.015..0.314 rows=3295 loops=1)',),\n",
       " ('              ->  Materialize  (cost=0.00..1.90 rows=60 width=10) (actual time=0.000..0.003 rows=60 loops=3295)',),\n",
       " ('                    ->  Seq Scan on util_us_states s  (cost=0.00..1.60 rows=60 width=10) (actual time=0.013..0.029 rows=60 loops=1)',),\n",
       " ('Planning time: 0.134 ms',),\n",
       " ('Execution time: 68.072 ms',)]"
      ]
     },
     "execution_count": 12,
     "metadata": {},
     "output_type": "execute_result"
    }
   ],
   "source": [
    "%%sql\n",
    "\n",
    "EXPLAIN ANALYZE\n",
    "SELECT S.state_name, count(*)\n",
    "FROM us_second_order_divisions as C\n",
    ", util_us_states as S\n",
    "GROUP BY S.state_name\n",
    "HAVING COUNT(*) BETWEEN 10 AND 30\n",
    "ORDER BY COUNT(*) DESC;\n"
   ]
  },
  {
   "cell_type": "raw",
   "metadata": {
    "collapsed": true
   },
   "source": [
    "# Write some comments on what you are seeing as the differences \n",
    "# and potential keys (other than cost) to identifying an unintended cross-\n",
    "# product within an explain plan.\n",
    "#-----------------------------------------------------------------\n",
    "Sorting, which is already expensive becomes even more expensive and aggregration becomes at least an order of magnitude more expensive. These are not surprising considering the cross-product is joining every row from one table to every row in the other. This is extremely redundant and potentially problematic, as it will become increasingly difficult to filter the rows down to meaningful insights. The number of rows a cross-product query returns will grow exponetially with the addition of more tables or tables with more rows. This will create an equally exponential drain on database resources when executing such a query. It is important to learn to identify and avoid these queries."
   ]
  },
  {
   "cell_type": "markdown",
   "metadata": {},
   "source": [
    "# Save your Notebook, then `File > Close and Halt`"
   ]
  },
  {
   "cell_type": "markdown",
   "metadata": {},
   "source": [
    "---"
   ]
  }
 ],
 "metadata": {
  "kernelspec": {
   "display_name": "Python 3",
   "language": "python",
   "name": "python3"
  },
  "language_info": {
   "codemirror_mode": {
    "name": "ipython",
    "version": 3
   },
   "file_extension": ".py",
   "mimetype": "text/x-python",
   "name": "python",
   "nbconvert_exporter": "python",
   "pygments_lexer": "ipython3",
   "version": "3.7.3"
  }
 },
 "nbformat": 4,
 "nbformat_minor": 1
}
